<testsuites id="" name="" tests="775" failures="100" skipped="500" errors="0" time="609.357529">
<testsuite name="01-auth.spec.ts" timestamp="2025-12-04T09:33:14.228Z" hostname="chromium" tests="15" failures="3" skipped="0" time="88.468" errors="0">
<testcase name="Authentication › should display login page with all elements" classname="01-auth.spec.ts" time="27.824">
<failure message="01-auth.spec.ts:25:7 should display login page with all elements" type="FAILURE">
<![CDATA[  [chromium] › 01-auth.spec.ts:25:7 › Authentication › should display login page with all elements ─

    Error: expect(page).toHaveTitle(expected) failed

    Expected pattern: /login|sign in/i
    Received string:  "Product Lifecycle Platform"
    Timeout: 10000ms

    Call log:
      - Expect "toHaveTitle" with timeout 10000ms
        13 × unexpected value "Product Lifecycle Platform"


      25 |   test('should display login page with all elements', async ({ page }) => {
      26 |     // Verify page title
    > 27 |     await expect(page).toHaveTitle(/login|sign in/i);
         |                        ^
      28 |
      29 |     // Verify main heading
      30 |     const heading = page.locator('h1, h2').filter({ hasText: /welcome|sign in|login/i }).first();
        at C:\Users\harsh\Downloads\Platform Test\next-app\e2e\01-auth.spec.ts:27:24

    attachment #1: screenshot (image/png) ──────────────────────────────────────────────────────────
    ..\test-results\01-auth-Authentication-sho-7c5e7-ogin-page-with-all-elements-chromium\test-failed-1.png
    ────────────────────────────────────────────────────────────────────────────────────────────────

    attachment #2: video (video/webm) ──────────────────────────────────────────────────────────────
    ..\test-results\01-auth-Authentication-sho-7c5e7-ogin-page-with-all-elements-chromium\video.webm
    ────────────────────────────────────────────────────────────────────────────────────────────────

    Error Context: ..\test-results\01-auth-Authentication-sho-7c5e7-ogin-page-with-all-elements-chromium\error-context.md

    Retry #1 ───────────────────────────────────────────────────────────────────────────────────────

    Error: expect(page).toHaveTitle(expected) failed

    Expected pattern: /login|sign in/i
    Received string:  "Product Lifecycle Platform"
    Timeout: 10000ms

    Call log:
      - Expect "toHaveTitle" with timeout 10000ms
        13 × unexpected value "Product Lifecycle Platform"


      25 |   test('should display login page with all elements', async ({ page }) => {
      26 |     // Verify page title
    > 27 |     await expect(page).toHaveTitle(/login|sign in/i);
         |                        ^
      28 |
      29 |     // Verify main heading
      30 |     const heading = page.locator('h1, h2').filter({ hasText: /welcome|sign in|login/i }).first();
        at C:\Users\harsh\Downloads\Platform Test\next-app\e2e\01-auth.spec.ts:27:24

    attachment #1: screenshot (image/png) ──────────────────────────────────────────────────────────
    ..\test-results\01-auth-Authentication-sho-7c5e7-ogin-page-with-all-elements-chromium-retry1\test-failed-1.png
    ────────────────────────────────────────────────────────────────────────────────────────────────

    attachment #2: video (video/webm) ──────────────────────────────────────────────────────────────
    ..\test-results\01-auth-Authentication-sho-7c5e7-ogin-page-with-all-elements-chromium-retry1\video.webm
    ────────────────────────────────────────────────────────────────────────────────────────────────

    Error Context: ..\test-results\01-auth-Authentication-sho-7c5e7-ogin-page-with-all-elements-chromium-retry1\error-context.md

    attachment #4: trace (application/zip) ─────────────────────────────────────────────────────────
    ..\test-results\01-auth-Authentication-sho-7c5e7-ogin-page-with-all-elements-chromium-retry1\trace.zip
    Usage:

        npx playwright show-trace ..\test-results\01-auth-Authentication-sho-7c5e7-ogin-page-with-all-elements-chromium-retry1\trace.zip

    ────────────────────────────────────────────────────────────────────────────────────────────────
]]>
</failure>
<system-out>
<![CDATA[
[[ATTACHMENT|01-auth-Authentication-sho-7c5e7-ogin-page-with-all-elements-chromium\test-failed-1.png]]

[[ATTACHMENT|01-auth-Authentication-sho-7c5e7-ogin-page-with-all-elements-chromium\video.webm]]

[[ATTACHMENT|01-auth-Authentication-sho-7c5e7-ogin-page-with-all-elements-chromium\error-context.md]]

[[ATTACHMENT|01-auth-Authentication-sho-7c5e7-ogin-page-with-all-elements-chromium-retry1\test-failed-1.png]]

[[ATTACHMENT|01-auth-Authentication-sho-7c5e7-ogin-page-with-all-elements-chromium-retry1\video.webm]]

[[ATTACHMENT|01-auth-Authentication-sho-7c5e7-ogin-page-with-all-elements-chromium-retry1\error-context.md]]

[[ATTACHMENT|01-auth-Authentication-sho-7c5e7-ogin-page-with-all-elements-chromium-retry1\trace.zip]]
]]>
</system-out>
</testcase>
<testcase name="Authentication › should show email input validation error for invalid email" classname="01-auth.spec.ts" time="6.371">
</testcase>
<testcase name="Authentication › should show empty email validation error" classname="01-auth.spec.ts" time="1.425">
</testcase>
<testcase name="Authentication › should navigate to signup page when clicking signup link" classname="01-auth.spec.ts" time="15.979">
<failure message="01-auth.spec.ts:87:7 should navigate to signup page when clicking signup link" type="FAILURE">
<![CDATA[  [chromium] › 01-auth.spec.ts:87:7 › Authentication › should navigate to signup page when clicking signup link 

    Error: expect(locator).toBeVisible() failed

    Locator: locator('h1, h2').filter({ hasText: /sign up|create|register/i }).first()
    Expected: visible
    Timeout: 5000ms
    Error: element(s) not found

    Call log:
      - Expect "toBeVisible" with timeout 5000ms
      - waiting for locator('h1, h2').filter({ hasText: /sign up|create|register/i }).first()


       95 |     // Verify signup page elements
       96 |     const heading = page.locator('h1, h2').filter({ hasText: /sign up|create|register/i }).first();
    >  97 |     await expect(heading).toBeVisible({ timeout: 5000 });
          |                           ^
       98 |   });
       99 |
      100 |   test('should display signup page with registration form', async ({ page }) => {
        at C:\Users\harsh\Downloads\Platform Test\next-app\e2e\01-auth.spec.ts:97:27

    attachment #1: screenshot (image/png) ──────────────────────────────────────────────────────────
    ..\test-results\01-auth-Authentication-sho-ced01-e-when-clicking-signup-link-chromium\test-failed-1.png
    ────────────────────────────────────────────────────────────────────────────────────────────────

    attachment #2: video (video/webm) ──────────────────────────────────────────────────────────────
    ..\test-results\01-auth-Authentication-sho-ced01-e-when-clicking-signup-link-chromium\video.webm
    ────────────────────────────────────────────────────────────────────────────────────────────────

    Error Context: ..\test-results\01-auth-Authentication-sho-ced01-e-when-clicking-signup-link-chromium\error-context.md

    Retry #1 ───────────────────────────────────────────────────────────────────────────────────────

    Error: expect(locator).toBeVisible() failed

    Locator: locator('h1, h2').filter({ hasText: /sign up|create|register/i }).first()
    Expected: visible
    Timeout: 5000ms
    Error: element(s) not found

    Call log:
      - Expect "toBeVisible" with timeout 5000ms
      - waiting for locator('h1, h2').filter({ hasText: /sign up|create|register/i }).first()


       95 |     // Verify signup page elements
       96 |     const heading = page.locator('h1, h2').filter({ hasText: /sign up|create|register/i }).first();
    >  97 |     await expect(heading).toBeVisible({ timeout: 5000 });
          |                           ^
       98 |   });
       99 |
      100 |   test('should display signup page with registration form', async ({ page }) => {
        at C:\Users\harsh\Downloads\Platform Test\next-app\e2e\01-auth.spec.ts:97:27

    attachment #1: screenshot (image/png) ──────────────────────────────────────────────────────────
    ..\test-results\01-auth-Authentication-sho-ced01-e-when-clicking-signup-link-chromium-retry1\test-failed-1.png
    ────────────────────────────────────────────────────────────────────────────────────────────────

    attachment #2: video (video/webm) ──────────────────────────────────────────────────────────────
    ..\test-results\01-auth-Authentication-sho-ced01-e-when-clicking-signup-link-chromium-retry1\video.webm
    ────────────────────────────────────────────────────────────────────────────────────────────────

    Error Context: ..\test-results\01-auth-Authentication-sho-ced01-e-when-clicking-signup-link-chromium-retry1\error-context.md

    attachment #4: trace (application/zip) ─────────────────────────────────────────────────────────
    ..\test-results\01-auth-Authentication-sho-ced01-e-when-clicking-signup-link-chromium-retry1\trace.zip
    Usage:

        npx playwright show-trace ..\test-results\01-auth-Authentication-sho-ced01-e-when-clicking-signup-link-chromium-retry1\trace.zip

    ────────────────────────────────────────────────────────────────────────────────────────────────
]]>
</failure>
<system-out>
<![CDATA[
[[ATTACHMENT|01-auth-Authentication-sho-ced01-e-when-clicking-signup-link-chromium\test-failed-1.png]]

[[ATTACHMENT|01-auth-Authentication-sho-ced01-e-when-clicking-signup-link-chromium\video.webm]]

[[ATTACHMENT|01-auth-Authentication-sho-ced01-e-when-clicking-signup-link-chromium\error-context.md]]

[[ATTACHMENT|01-auth-Authentication-sho-ced01-e-when-clicking-signup-link-chromium-retry1\test-failed-1.png]]

[[ATTACHMENT|01-auth-Authentication-sho-ced01-e-when-clicking-signup-link-chromium-retry1\video.webm]]

[[ATTACHMENT|01-auth-Authentication-sho-ced01-e-when-clicking-signup-link-chromium-retry1\error-context.md]]

[[ATTACHMENT|01-auth-Authentication-sho-ced01-e-when-clicking-signup-link-chromium-retry1\trace.zip]]
]]>
</system-out>
</testcase>
<testcase name="Authentication › should display signup page with registration form" classname="01-auth.spec.ts" time="23.765">
<failure message="01-auth.spec.ts:100:7 should display signup page with registration form" type="FAILURE">
<![CDATA[  [chromium] › 01-auth.spec.ts:100:7 › Authentication › should display signup page with registration form 

    Error: expect(page).toHaveTitle(expected) failed

    Expected pattern: /signup|register/i
    Received string:  "Product Lifecycle Platform"
    Timeout: 10000ms

    Call log:
      - Expect "toHaveTitle" with timeout 10000ms
        13 × unexpected value "Product Lifecycle Platform"


      102 |
      103 |     // Verify signup page elements
    > 104 |     await expect(page).toHaveTitle(/signup|register/i);
          |                        ^
      105 |
      106 |     const emailInput = page.locator('input[type="email"]').first();
      107 |     await expect(emailInput).toBeVisible();
        at C:\Users\harsh\Downloads\Platform Test\next-app\e2e\01-auth.spec.ts:104:24

    attachment #1: screenshot (image/png) ──────────────────────────────────────────────────────────
    ..\test-results\01-auth-Authentication-sho-aa424-page-with-registration-form-chromium\test-failed-1.png
    ────────────────────────────────────────────────────────────────────────────────────────────────

    attachment #2: video (video/webm) ──────────────────────────────────────────────────────────────
    ..\test-results\01-auth-Authentication-sho-aa424-page-with-registration-form-chromium\video.webm
    ────────────────────────────────────────────────────────────────────────────────────────────────

    Error Context: ..\test-results\01-auth-Authentication-sho-aa424-page-with-registration-form-chromium\error-context.md

    Retry #1 ───────────────────────────────────────────────────────────────────────────────────────

    Error: expect(page).toHaveTitle(expected) failed

    Expected pattern: /signup|register/i
    Received string:  "Product Lifecycle Platform"
    Timeout: 10000ms

    Call log:
      - Expect "toHaveTitle" with timeout 10000ms
        13 × unexpected value "Product Lifecycle Platform"


      102 |
      103 |     // Verify signup page elements
    > 104 |     await expect(page).toHaveTitle(/signup|register/i);
          |                        ^
      105 |
      106 |     const emailInput = page.locator('input[type="email"]').first();
      107 |     await expect(emailInput).toBeVisible();
        at C:\Users\harsh\Downloads\Platform Test\next-app\e2e\01-auth.spec.ts:104:24

    attachment #1: screenshot (image/png) ──────────────────────────────────────────────────────────
    ..\test-results\01-auth-Authentication-sho-aa424-page-with-registration-form-chromium-retry1\test-failed-1.png
    ────────────────────────────────────────────────────────────────────────────────────────────────

    attachment #2: video (video/webm) ──────────────────────────────────────────────────────────────
    ..\test-results\01-auth-Authentication-sho-aa424-page-with-registration-form-chromium-retry1\video.webm
    ────────────────────────────────────────────────────────────────────────────────────────────────

    Error Context: ..\test-results\01-auth-Authentication-sho-aa424-page-with-registration-form-chromium-retry1\error-context.md

    attachment #4: trace (application/zip) ─────────────────────────────────────────────────────────
    ..\test-results\01-auth-Authentication-sho-aa424-page-with-registration-form-chromium-retry1\trace.zip
    Usage:

        npx playwright show-trace ..\test-results\01-auth-Authentication-sho-aa424-page-with-registration-form-chromium-retry1\trace.zip

    ────────────────────────────────────────────────────────────────────────────────────────────────
]]>
</failure>
<system-out>
<![CDATA[
[[ATTACHMENT|01-auth-Authentication-sho-aa424-page-with-registration-form-chromium\test-failed-1.png]]

[[ATTACHMENT|01-auth-Authentication-sho-aa424-page-with-registration-form-chromium\video.webm]]

[[ATTACHMENT|01-auth-Authentication-sho-aa424-page-with-registration-form-chromium\error-context.md]]

[[ATTACHMENT|01-auth-Authentication-sho-aa424-page-with-registration-form-chromium-retry1\test-failed-1.png]]

[[ATTACHMENT|01-auth-Authentication-sho-aa424-page-with-registration-form-chromium-retry1\video.webm]]

[[ATTACHMENT|01-auth-Authentication-sho-aa424-page-with-registration-form-chromium-retry1\error-context.md]]

[[ATTACHMENT|01-auth-Authentication-sho-aa424-page-with-registration-form-chromium-retry1\trace.zip]]
]]>
</system-out>
</testcase>
<testcase name="Authentication › should redirect unauthenticated users from protected routes" classname="01-auth.spec.ts" time="1.449">
</testcase>
<testcase name="Authentication › should redirect from protected workspace route" classname="01-auth.spec.ts" time="1.368">
</testcase>
<testcase name="Authentication › should persist authentication across page refreshes" classname="01-auth.spec.ts" time="0.937">
</testcase>
<testcase name="Authentication › should disable submit button while form is submitting" classname="01-auth.spec.ts" time="1.618">
</testcase>
<testcase name="Authentication › should handle network errors gracefully" classname="01-auth.spec.ts" time="2.18">
</testcase>
<testcase name="Authentication › should logout user and clear session" classname="01-auth.spec.ts" time="1.098">
</testcase>
<testcase name="Authentication › should clear authentication token on logout" classname="01-auth.spec.ts" time="1.116">
</testcase>
<testcase name="Authentication › should show loading indicator while authenticating" classname="01-auth.spec.ts" time="1.203">
</testcase>
<testcase name="Authentication - Error Handling › should show error for network timeout" classname="01-auth.spec.ts" time="1.203">
</testcase>
<testcase name="Authentication - Error Handling › should focus on email field when it has an error" classname="01-auth.spec.ts" time="0.932">
</testcase>
</testsuite>
<testsuite name="02-multi-tenant-isolation.spec.ts" timestamp="2025-12-04T09:33:14.228Z" hostname="chromium" tests="16" failures="0" skipped="9" time="7.496" errors="0">
<testcase name="Multi-Tenant Isolation - Unauthenticated Access › should redirect unauthenticated users from dashboard" classname="02-multi-tenant-isolation.spec.ts" time="0.637">
</testcase>
<testcase name="Multi-Tenant Isolation - Unauthenticated Access › should redirect unauthenticated users from workspaces list" classname="02-multi-tenant-isolation.spec.ts" time="0.6">
</testcase>
<testcase name="Multi-Tenant Isolation - Unauthenticated Access › should redirect unauthenticated users from specific workspace" classname="02-multi-tenant-isolation.spec.ts" time="0.726">
</testcase>
<testcase name="Multi-Tenant Isolation - Unauthenticated Access › should redirect unauthenticated users from team settings" classname="02-multi-tenant-isolation.spec.ts" time="2.369">
</testcase>
<testcase name="Multi-Tenant Isolation - Unauthenticated Access › should redirect unauthenticated users from team members" classname="02-multi-tenant-isolation.spec.ts" time="2.234">
</testcase>
<testcase name="Multi-Tenant Isolation - Unauthenticated Access › should not allow API access without authentication" classname="02-multi-tenant-isolation.spec.ts" time="0.594">
</testcase>
<testcase name="Multi-Tenant Isolation - Unauthenticated Access › should not allow API access to team data without authentication" classname="02-multi-tenant-isolation.spec.ts" time="0.336">
</testcase>
<testcase name="Multi-Tenant Isolation - Invalid Resource Access › should handle non-existent workspace gracefully" classname="02-multi-tenant-isolation.spec.ts" time="0">
<properties>
<property name="skip" value="Requires auth fixture - app uses magic link, not password auth">
</property>
</properties>
<skipped>
</skipped>
</testcase>
<testcase name="Multi-Tenant Isolation - Invalid Resource Access › should handle non-existent work item gracefully" classname="02-multi-tenant-isolation.spec.ts" time="0">
<properties>
<property name="skip" value="Requires auth fixture - app uses magic link, not password auth">
</property>
</properties>
<skipped>
</skipped>
</testcase>
<testcase name="Multi-Tenant Isolation - Invalid Resource Access › should handle non-existent team gracefully" classname="02-multi-tenant-isolation.spec.ts" time="0">
<properties>
<property name="skip" value="Requires auth fixture - app uses magic link, not password auth">
</property>
</properties>
<skipped>
</skipped>
</testcase>
<testcase name="Multi-Tenant Isolation - Session Security › should require re-authentication after logout" classname="02-multi-tenant-isolation.spec.ts" time="0">
<properties>
<property name="skip" value="Requires auth fixture - app uses magic link, not password auth">
</property>
</properties>
<skipped>
</skipped>
</testcase>
<testcase name="Multi-Tenant Isolation - Session Security › should not persist session across browser contexts" classname="02-multi-tenant-isolation.spec.ts" time="0">
<properties>
<property name="skip" value="Requires auth fixture - app uses magic link, not password auth">
</property>
</properties>
<skipped>
</skipped>
</testcase>
<testcase name="Multi-Tenant Isolation - Error Message Security › should not leak sensitive info in error messages" classname="02-multi-tenant-isolation.spec.ts" time="0">
<properties>
<property name="skip" value="Requires auth fixture - app uses magic link, not password auth">
</property>
</properties>
<skipped>
</skipped>
</testcase>
<testcase name="Multi-Tenant Isolation - Error Message Security › should show generic error for unauthorized API access" classname="02-multi-tenant-isolation.spec.ts" time="0">
<properties>
<property name="skip" value="Requires auth fixture - app uses magic link, not password auth">
</property>
</properties>
<skipped>
</skipped>
</testcase>
<testcase name="Multi-Tenant Isolation - Navigation Security › should only show user own workspaces in sidebar" classname="02-multi-tenant-isolation.spec.ts" time="0">
<properties>
<property name="skip" value="Requires auth fixture - app uses magic link, not password auth">
</property>
</properties>
<skipped>
</skipped>
</testcase>
<testcase name="Multi-Tenant Isolation - Navigation Security › should maintain isolation on rapid navigation" classname="02-multi-tenant-isolation.spec.ts" time="0">
<properties>
<property name="skip" value="Requires auth fixture - app uses magic link, not password auth">
</property>
</properties>
<skipped>
</skipped>
</testcase>
</testsuite>
<testsuite name="03-team-management.spec.ts" timestamp="2025-12-04T09:33:14.228Z" hostname="chromium" tests="11" failures="0" skipped="9" time="2.189" errors="0">
<testcase name="Team Management - Navigation › should navigate to team members page" classname="03-team-management.spec.ts" time="0">
<properties>
<property name="skip" value="Requires auth fixture - app uses magic link, not password auth">
</property>
</properties>
<skipped>
</skipped>
</testcase>
<testcase name="Team Management - Navigation › should navigate to team settings page" classname="03-team-management.spec.ts" time="0">
<properties>
<property name="skip" value="Requires auth fixture - app uses magic link, not password auth">
</property>
</properties>
<skipped>
</skipped>
</testcase>
<testcase name="Team Management - Members Page UI › should display page heading" classname="03-team-management.spec.ts" time="0">
<properties>
<property name="skip" value="Requires auth fixture - app uses magic link, not password auth">
</property>
</properties>
<skipped>
</skipped>
</testcase>
<testcase name="Team Management - Members Page UI › should show loading state or members list" classname="03-team-management.spec.ts" time="0">
<properties>
<property name="skip" value="Requires auth fixture - app uses magic link, not password auth">
</property>
</properties>
<skipped>
</skipped>
</testcase>
<testcase name="Team Management - Members Page UI › should have invite button for authorized users" classname="03-team-management.spec.ts" time="0">
<properties>
<property name="skip" value="Requires auth fixture - app uses magic link, not password auth">
</property>
</properties>
<skipped>
</skipped>
</testcase>
<testcase name="Team Management - Invite Dialog › should open invite dialog when clicking invite button" classname="03-team-management.spec.ts" time="0">
<properties>
<property name="skip" value="Requires auth fixture - app uses magic link, not password auth">
</property>
</properties>
<skipped>
</skipped>
</testcase>
<testcase name="Team Management - Invite Dialog › should close invite dialog on cancel" classname="03-team-management.spec.ts" time="0">
<properties>
<property name="skip" value="Requires auth fixture - app uses magic link, not password auth">
</property>
</properties>
<skipped>
</skipped>
</testcase>
<testcase name="Team Management - Protected Routes › should redirect unauthenticated users from team members page" classname="03-team-management.spec.ts" time="1.28">
</testcase>
<testcase name="Team Management - Protected Routes › should redirect unauthenticated users from team settings page" classname="03-team-management.spec.ts" time="0.909">
</testcase>
<testcase name="Team Management - Error Handling › should handle invalid team routes gracefully" classname="03-team-management.spec.ts" time="0">
<properties>
<property name="skip" value="Requires auth fixture - app uses magic link, not password auth">
</property>
</properties>
<skipped>
</skipped>
</testcase>
<testcase name="Team Management - Error Handling › should not crash on rapid navigation" classname="03-team-management.spec.ts" time="0">
<properties>
<property name="skip" value="Requires auth fixture - app uses magic link, not password auth">
</property>
</properties>
<skipped>
</skipped>
</testcase>
</testsuite>
<testsuite name="04-work-items.spec.ts" timestamp="2025-12-04T09:33:14.228Z" hostname="chromium" tests="14" failures="4" skipped="10" time="0.001" errors="0">
<testcase name="Features - CRUD Operations › should display features page with create button" classname="04-work-items.spec.ts" time="0.001">
<failure message="04-work-items.spec.ts:55:7 should display features page with create button" type="FAILURE">
<![CDATA[  [chromium] › 04-work-items.spec.ts:55:7 › Features - CRUD Operations › should display features page with create button 

    {
      code: 'PGRST204',
      details: null,
      hint: null,
      message: "Could not find the 'description' column of 'teams' in the schema cache"
    }

    Retry #1 ───────────────────────────────────────────────────────────────────────────────────────

    {
      code: 'PGRST204',
      details: null,
      hint: null,
      message: "Could not find the 'description' column of 'teams' in the schema cache"
    }

    attachment #1: trace (application/zip) ─────────────────────────────────────────────────────────
    ..\test-results\04-work-items-Features---C-5f608-res-page-with-create-button-chromium-retry1\trace.zip
    Usage:

        npx playwright show-trace ..\test-results\04-work-items-Features---C-5f608-res-page-with-create-button-chromium-retry1\trace.zip

    ────────────────────────────────────────────────────────────────────────────────────────────────
]]>
</failure>
<system-out>
<![CDATA[
[[ATTACHMENT|04-work-items-Features---C-5f608-res-page-with-create-button-chromium-retry1\trace.zip]]
]]>
</system-out>
<system-err>
<![CDATA[Error creating team: {
  code: [32m'PGRST204'[39m,
  details: [1mnull[22m,
  hint: [1mnull[22m,
  message: [32m"Could not find the 'description' column of 'teams' in the schema cache"[39m
}
Failed to create team in database: {
  code: [32m'PGRST204'[39m,
  details: [1mnull[22m,
  hint: [1mnull[22m,
  message: [32m"Could not find the 'description' column of 'teams' in the schema cache"[39m
}
Setup failed: {
  code: [32m'PGRST204'[39m,
  details: [1mnull[22m,
  hint: [1mnull[22m,
  message: [32m"Could not find the 'description' column of 'teams' in the schema cache"[39m
}
Error creating team: {
  code: [32m'PGRST204'[39m,
  details: [1mnull[22m,
  hint: [1mnull[22m,
  message: [32m"Could not find the 'description' column of 'teams' in the schema cache"[39m
}
Failed to create team in database: {
  code: [32m'PGRST204'[39m,
  details: [1mnull[22m,
  hint: [1mnull[22m,
  message: [32m"Could not find the 'description' column of 'teams' in the schema cache"[39m
}
Setup failed: {
  code: [32m'PGRST204'[39m,
  details: [1mnull[22m,
  hint: [1mnull[22m,
  message: [32m"Could not find the 'description' column of 'teams' in the schema cache"[39m
}
]]>
</system-err>
</testcase>
<testcase name="Features - CRUD Operations › should open create feature form when clicking create button" classname="04-work-items.spec.ts" time="0">
<skipped>
</skipped>
</testcase>
<testcase name="Features - CRUD Operations › should create new feature with valid data" classname="04-work-items.spec.ts" time="0">
<skipped>
</skipped>
</testcase>
<testcase name="Features - CRUD Operations › should display feature in list after creation" classname="04-work-items.spec.ts" time="0">
<skipped>
</skipped>
</testcase>
<testcase name="Features - CRUD Operations › should display feature details when clicked" classname="04-work-items.spec.ts" time="0">
<skipped>
</skipped>
</testcase>
<testcase name="Features - CRUD Operations › should edit feature and save changes" classname="04-work-items.spec.ts" time="0">
<skipped>
</skipped>
</testcase>
<testcase name="Features - CRUD Operations › should delete feature with confirmation" classname="04-work-items.spec.ts" time="0">
<skipped>
</skipped>
</testcase>
<testcase name="Features - Filtering and Search › should filter features by type" classname="04-work-items.spec.ts" time="0">
<failure message="04-work-items.spec.ts:377:7 should filter features by type" type="FAILURE">
<![CDATA[  [chromium] › 04-work-items.spec.ts:377:7 › Features - Filtering and Search › should filter features by type 

    {
      code: 'PGRST204',
      details: null,
      hint: null,
      message: "Could not find the 'description' column of 'teams' in the schema cache"
    }

    Retry #1 ───────────────────────────────────────────────────────────────────────────────────────

    {
      code: 'PGRST204',
      details: null,
      hint: null,
      message: "Could not find the 'description' column of 'teams' in the schema cache"
    }

    attachment #1: trace (application/zip) ─────────────────────────────────────────────────────────
    ..\test-results\04-work-items-Features---F-5e2fa-uld-filter-features-by-type-chromium-retry1\trace.zip
    Usage:

        npx playwright show-trace ..\test-results\04-work-items-Features---F-5e2fa-uld-filter-features-by-type-chromium-retry1\trace.zip

    ────────────────────────────────────────────────────────────────────────────────────────────────
]]>
</failure>
<system-out>
<![CDATA[
[[ATTACHMENT|04-work-items-Features---F-5e2fa-uld-filter-features-by-type-chromium-retry1\trace.zip]]
]]>
</system-out>
<system-err>
<![CDATA[Error creating team: {
  code: [32m'PGRST204'[39m,
  details: [1mnull[22m,
  hint: [1mnull[22m,
  message: [32m"Could not find the 'description' column of 'teams' in the schema cache"[39m
}
Failed to create team in database: {
  code: [32m'PGRST204'[39m,
  details: [1mnull[22m,
  hint: [1mnull[22m,
  message: [32m"Could not find the 'description' column of 'teams' in the schema cache"[39m
}
Setup failed: {
  code: [32m'PGRST204'[39m,
  details: [1mnull[22m,
  hint: [1mnull[22m,
  message: [32m"Could not find the 'description' column of 'teams' in the schema cache"[39m
}
Error creating team: {
  code: [32m'PGRST204'[39m,
  details: [1mnull[22m,
  hint: [1mnull[22m,
  message: [32m"Could not find the 'description' column of 'teams' in the schema cache"[39m
}
Failed to create team in database: {
  code: [32m'PGRST204'[39m,
  details: [1mnull[22m,
  hint: [1mnull[22m,
  message: [32m"Could not find the 'description' column of 'teams' in the schema cache"[39m
}
Setup failed: {
  code: [32m'PGRST204'[39m,
  details: [1mnull[22m,
  hint: [1mnull[22m,
  message: [32m"Could not find the 'description' column of 'teams' in the schema cache"[39m
}
]]>
</system-err>
</testcase>
<testcase name="Features - Filtering and Search › should filter features by priority" classname="04-work-items.spec.ts" time="0">
<skipped>
</skipped>
</testcase>
<testcase name="Features - Filtering and Search › should search features by text" classname="04-work-items.spec.ts" time="0">
<skipped>
</skipped>
</testcase>
<testcase name="Features - Filtering and Search › should clear search and show all features" classname="04-work-items.spec.ts" time="0">
<skipped>
</skipped>
</testcase>
<testcase name="Features - Timeline Breakdown › should display timeline breakdown for feature" classname="04-work-items.spec.ts" time="0">
<failure message="04-work-items.spec.ts:514:7 should display timeline breakdown for feature" type="FAILURE">
<![CDATA[  [chromium] › 04-work-items.spec.ts:514:7 › Features - Timeline Breakdown › should display timeline breakdown for feature 

    {
      code: 'PGRST204',
      details: null,
      hint: null,
      message: "Could not find the 'description' column of 'teams' in the schema cache"
    }

    Retry #1 ───────────────────────────────────────────────────────────────────────────────────────

    {
      code: 'PGRST204',
      details: null,
      hint: null,
      message: "Could not find the 'description' column of 'teams' in the schema cache"
    }

    attachment #1: trace (application/zip) ─────────────────────────────────────────────────────────
    ..\test-results\04-work-items-Features---T-c6a79-eline-breakdown-for-feature-chromium-retry1\trace.zip
    Usage:

        npx playwright show-trace ..\test-results\04-work-items-Features---T-c6a79-eline-breakdown-for-feature-chromium-retry1\trace.zip

    ────────────────────────────────────────────────────────────────────────────────────────────────
]]>
</failure>
<system-out>
<![CDATA[
[[ATTACHMENT|04-work-items-Features---T-c6a79-eline-breakdown-for-feature-chromium-retry1\trace.zip]]
]]>
</system-out>
<system-err>
<![CDATA[Error creating team: {
  code: [32m'PGRST204'[39m,
  details: [1mnull[22m,
  hint: [1mnull[22m,
  message: [32m"Could not find the 'description' column of 'teams' in the schema cache"[39m
}
Failed to create team in database: {
  code: [32m'PGRST204'[39m,
  details: [1mnull[22m,
  hint: [1mnull[22m,
  message: [32m"Could not find the 'description' column of 'teams' in the schema cache"[39m
}
Setup failed: {
  code: [32m'PGRST204'[39m,
  details: [1mnull[22m,
  hint: [1mnull[22m,
  message: [32m"Could not find the 'description' column of 'teams' in the schema cache"[39m
}
Error creating team: {
  code: [32m'PGRST204'[39m,
  details: [1mnull[22m,
  hint: [1mnull[22m,
  message: [32m"Could not find the 'description' column of 'teams' in the schema cache"[39m
}
Failed to create team in database: {
  code: [32m'PGRST204'[39m,
  details: [1mnull[22m,
  hint: [1mnull[22m,
  message: [32m"Could not find the 'description' column of 'teams' in the schema cache"[39m
}
Setup failed: {
  code: [32m'PGRST204'[39m,
  details: [1mnull[22m,
  hint: [1mnull[22m,
  message: [32m"Could not find the 'description' column of 'teams' in the schema cache"[39m
}
]]>
</system-err>
</testcase>
<testcase name="Features - Timeline Breakdown › should allow adding timeline items" classname="04-work-items.spec.ts" time="0">
<skipped>
</skipped>
</testcase>
<testcase name="Features - Phase Organization › should display features grouped by phase" classname="04-work-items.spec.ts" time="0">
<failure message="04-work-items.spec.ts:603:7 should display features grouped by phase" type="FAILURE">
<![CDATA[  [chromium] › 04-work-items.spec.ts:603:7 › Features - Phase Organization › should display features grouped by phase 

    {
      code: 'PGRST204',
      details: null,
      hint: null,
      message: "Could not find the 'description' column of 'teams' in the schema cache"
    }

    Retry #1 ───────────────────────────────────────────────────────────────────────────────────────

    {
      code: 'PGRST204',
      details: null,
      hint: null,
      message: "Could not find the 'description' column of 'teams' in the schema cache"
    }

    attachment #1: trace (application/zip) ─────────────────────────────────────────────────────────
    ..\test-results\04-work-items-Features---P-5a9be-y-features-grouped-by-phase-chromium-retry1\trace.zip
    Usage:

        npx playwright show-trace ..\test-results\04-work-items-Features---P-5a9be-y-features-grouped-by-phase-chromium-retry1\trace.zip

    ────────────────────────────────────────────────────────────────────────────────────────────────
]]>
</failure>
<system-out>
<![CDATA[
[[ATTACHMENT|04-work-items-Features---P-5a9be-y-features-grouped-by-phase-chromium-retry1\trace.zip]]
]]>
</system-out>
<system-err>
<![CDATA[Error creating team: {
  code: [32m'PGRST204'[39m,
  details: [1mnull[22m,
  hint: [1mnull[22m,
  message: [32m"Could not find the 'description' column of 'teams' in the schema cache"[39m
}
Failed to create team in database: {
  code: [32m'PGRST204'[39m,
  details: [1mnull[22m,
  hint: [1mnull[22m,
  message: [32m"Could not find the 'description' column of 'teams' in the schema cache"[39m
}
Setup failed: {
  code: [32m'PGRST204'[39m,
  details: [1mnull[22m,
  hint: [1mnull[22m,
  message: [32m"Could not find the 'description' column of 'teams' in the schema cache"[39m
}
Error creating team: {
  code: [32m'PGRST204'[39m,
  details: [1mnull[22m,
  hint: [1mnull[22m,
  message: [32m"Could not find the 'description' column of 'teams' in the schema cache"[39m
}
Failed to create team in database: {
  code: [32m'PGRST204'[39m,
  details: [1mnull[22m,
  hint: [1mnull[22m,
  message: [32m"Could not find the 'description' column of 'teams' in the schema cache"[39m
}
Setup failed: {
  code: [32m'PGRST204'[39m,
  details: [1mnull[22m,
  hint: [1mnull[22m,
  message: [32m"Could not find the 'description' column of 'teams' in the schema cache"[39m
}
]]>
</system-err>
</testcase>
</testsuite>
<testsuite name="05-work-items-edit-flows.spec.ts" timestamp="2025-12-04T09:33:14.228Z" hostname="chromium" tests="16" failures="5" skipped="11" time="0.004" errors="0">
<testcase name="Work Items - Phase-Aware Edit Flows › should open edit dialog when clicking edit button" classname="05-work-items-edit-flows.spec.ts" time="0.001">
<failure message="05-work-items-edit-flows.spec.ts:105:7 should open edit dialog when clicking edit button" type="FAILURE">
<![CDATA[  [chromium] › 05-work-items-edit-flows.spec.ts:105:7 › Work Items - Phase-Aware Edit Flows › should open edit dialog when clicking edit button 

    {
      code: 'PGRST204',
      details: null,
      hint: null,
      message: "Could not find the 'description' column of 'teams' in the schema cache"
    }

    Retry #1 ───────────────────────────────────────────────────────────────────────────────────────

    {
      code: 'PGRST204',
      details: null,
      hint: null,
      message: "Could not find the 'description' column of 'teams' in the schema cache"
    }

    attachment #1: trace (application/zip) ─────────────────────────────────────────────────────────
    ..\test-results\05-work-items-edit-flows-W-4555d-g-when-clicking-edit-button-chromium-retry1\trace.zip
    Usage:

        npx playwright show-trace ..\test-results\05-work-items-edit-flows-W-4555d-g-when-clicking-edit-button-chromium-retry1\trace.zip

    ────────────────────────────────────────────────────────────────────────────────────────────────
]]>
</failure>
<system-out>
<![CDATA[
[[ATTACHMENT|05-work-items-edit-flows-W-4555d-g-when-clicking-edit-button-chromium-retry1\trace.zip]]
]]>
</system-out>
<system-err>
<![CDATA[Error creating team: {
  code: [32m'PGRST204'[39m,
  details: [1mnull[22m,
  hint: [1mnull[22m,
  message: [32m"Could not find the 'description' column of 'teams' in the schema cache"[39m
}
Failed to create team in database: {
  code: [32m'PGRST204'[39m,
  details: [1mnull[22m,
  hint: [1mnull[22m,
  message: [32m"Could not find the 'description' column of 'teams' in the schema cache"[39m
}
Setup failed: {
  code: [32m'PGRST204'[39m,
  details: [1mnull[22m,
  hint: [1mnull[22m,
  message: [32m"Could not find the 'description' column of 'teams' in the schema cache"[39m
}
Error creating team: {
  code: [32m'PGRST204'[39m,
  details: [1mnull[22m,
  hint: [1mnull[22m,
  message: [32m"Could not find the 'description' column of 'teams' in the schema cache"[39m
}
Failed to create team in database: {
  code: [32m'PGRST204'[39m,
  details: [1mnull[22m,
  hint: [1mnull[22m,
  message: [32m"Could not find the 'description' column of 'teams' in the schema cache"[39m
}
Setup failed: {
  code: [32m'PGRST204'[39m,
  details: [1mnull[22m,
  hint: [1mnull[22m,
  message: [32m"Could not find the 'description' column of 'teams' in the schema cache"[39m
}
]]>
</system-err>
</testcase>
<testcase name="Work Items - Phase-Aware Edit Flows › should show only basic fields in research phase" classname="05-work-items-edit-flows.spec.ts" time="0">
<skipped>
</skipped>
</testcase>
<testcase name="Work Items - Phase-Aware Edit Flows › should show planning fields in planning phase" classname="05-work-items-edit-flows.spec.ts" time="0">
<skipped>
</skipped>
</testcase>
<testcase name="Work Items - Phase-Aware Edit Flows › should lock planning fields in execution phase" classname="05-work-items-edit-flows.spec.ts" time="0">
<skipped>
</skipped>
</testcase>
<testcase name="Work Items - Phase-Aware Edit Flows › should show execution fields in execution phase" classname="05-work-items-edit-flows.spec.ts" time="0">
<skipped>
</skipped>
</testcase>
<testcase name="Work Items - Phase-Aware Edit Flows › should save edited work item with phase-appropriate fields" classname="05-work-items-edit-flows.spec.ts" time="0">
<skipped>
</skipped>
</testcase>
<testcase name="Work Items - Phase-Aware Edit Flows › should display phase context badge with field count" classname="05-work-items-edit-flows.spec.ts" time="0">
<skipped>
</skipped>
</testcase>
<testcase name="Timeline Status Management › should display timeline status badges in table view" classname="05-work-items-edit-flows.spec.ts" time="0.001">
<failure message="05-work-items-edit-flows.spec.ts:361:7 should display timeline status badges in table view" type="FAILURE">
<![CDATA[  [chromium] › 05-work-items-edit-flows.spec.ts:361:7 › Timeline Status Management › should display timeline status badges in table view 

    {
      code: 'PGRST204',
      details: null,
      hint: null,
      message: "Could not find the 'description' column of 'teams' in the schema cache"
    }

    Retry #1 ───────────────────────────────────────────────────────────────────────────────────────

    {
      code: 'PGRST204',
      details: null,
      hint: null,
      message: "Could not find the 'description' column of 'teams' in the schema cache"
    }

    attachment #1: trace (application/zip) ─────────────────────────────────────────────────────────
    ..\test-results\05-work-items-edit-flows-T-dde80-status-badges-in-table-view-chromium-retry1\trace.zip
    Usage:

        npx playwright show-trace ..\test-results\05-work-items-edit-flows-T-dde80-status-badges-in-table-view-chromium-retry1\trace.zip

    ────────────────────────────────────────────────────────────────────────────────────────────────
]]>
</failure>
<system-out>
<![CDATA[
[[ATTACHMENT|05-work-items-edit-flows-T-dde80-status-badges-in-table-view-chromium-retry1\trace.zip]]
]]>
</system-out>
<system-err>
<![CDATA[Error creating team: {
  code: [32m'PGRST204'[39m,
  details: [1mnull[22m,
  hint: [1mnull[22m,
  message: [32m"Could not find the 'description' column of 'teams' in the schema cache"[39m
}
Failed to create team in database: {
  code: [32m'PGRST204'[39m,
  details: [1mnull[22m,
  hint: [1mnull[22m,
  message: [32m"Could not find the 'description' column of 'teams' in the schema cache"[39m
}
Setup failed: {
  code: [32m'PGRST204'[39m,
  details: [1mnull[22m,
  hint: [1mnull[22m,
  message: [32m"Could not find the 'description' column of 'teams' in the schema cache"[39m
}
Error creating team: {
  code: [32m'PGRST204'[39m,
  details: [1mnull[22m,
  hint: [1mnull[22m,
  message: [32m"Could not find the 'description' column of 'teams' in the schema cache"[39m
}
Failed to create team in database: {
  code: [32m'PGRST204'[39m,
  details: [1mnull[22m,
  hint: [1mnull[22m,
  message: [32m"Could not find the 'description' column of 'teams' in the schema cache"[39m
}
Setup failed: {
  code: [32m'PGRST204'[39m,
  details: [1mnull[22m,
  hint: [1mnull[22m,
  message: [32m"Could not find the 'description' column of 'teams' in the schema cache"[39m
}
]]>
</system-err>
</testcase>
<testcase name="Timeline Status Management › should update timeline status inline" classname="05-work-items-edit-flows.spec.ts" time="0.001">
<failure message="05-work-items-edit-flows.spec.ts:377:7 should update timeline status inline" type="FAILURE">
<![CDATA[  [chromium] › 05-work-items-edit-flows.spec.ts:377:7 › Timeline Status Management › should update timeline status inline 

    {
      code: 'PGRST204',
      details: null,
      hint: null,
      message: "Could not find the 'description' column of 'teams' in the schema cache"
    }

    Retry #1 ───────────────────────────────────────────────────────────────────────────────────────

    {
      code: 'PGRST204',
      details: null,
      hint: null,
      message: "Could not find the 'description' column of 'teams' in the schema cache"
    }

    attachment #1: trace (application/zip) ─────────────────────────────────────────────────────────
    ..\test-results\05-work-items-edit-flows-T-71c7a-date-timeline-status-inline-chromium-retry1\trace.zip
    Usage:

        npx playwright show-trace ..\test-results\05-work-items-edit-flows-T-71c7a-date-timeline-status-inline-chromium-retry1\trace.zip

    ────────────────────────────────────────────────────────────────────────────────────────────────
]]>
</failure>
<system-out>
<![CDATA[
[[ATTACHMENT|05-work-items-edit-flows-T-71c7a-date-timeline-status-inline-chromium-retry1\trace.zip]]
]]>
</system-out>
<system-err>
<![CDATA[Error creating team: {
  code: [32m'PGRST204'[39m,
  details: [1mnull[22m,
  hint: [1mnull[22m,
  message: [32m"Could not find the 'description' column of 'teams' in the schema cache"[39m
}
Failed to create team in database: {
  code: [32m'PGRST204'[39m,
  details: [1mnull[22m,
  hint: [1mnull[22m,
  message: [32m"Could not find the 'description' column of 'teams' in the schema cache"[39m
}
Setup failed: {
  code: [32m'PGRST204'[39m,
  details: [1mnull[22m,
  hint: [1mnull[22m,
  message: [32m"Could not find the 'description' column of 'teams' in the schema cache"[39m
}
Error creating team: {
  code: [32m'PGRST204'[39m,
  details: [1mnull[22m,
  hint: [1mnull[22m,
  message: [32m"Could not find the 'description' column of 'teams' in the schema cache"[39m
}
Failed to create team in database: {
  code: [32m'PGRST204'[39m,
  details: [1mnull[22m,
  hint: [1mnull[22m,
  message: [32m"Could not find the 'description' column of 'teams' in the schema cache"[39m
}
Setup failed: {
  code: [32m'PGRST204'[39m,
  details: [1mnull[22m,
  hint: [1mnull[22m,
  message: [32m"Could not find the 'description' column of 'teams' in the schema cache"[39m
}
]]>
</system-err>
</testcase>
<testcase name="Timeline Status Management › should show status colors for different states" classname="05-work-items-edit-flows.spec.ts" time="0">
<skipped>
</skipped>
</testcase>
<testcase name="Timeline Status Management › should include status field in create timeline dialog" classname="05-work-items-edit-flows.spec.ts" time="0">
<skipped>
</skipped>
</testcase>
<testcase name="Feedback Integration Flows › should render feedback triage dialog structure" classname="05-work-items-edit-flows.spec.ts" time="0">
<failure message="05-work-items-edit-flows.spec.ts:479:7 should render feedback triage dialog structure" type="FAILURE">
<![CDATA[  [chromium] › 05-work-items-edit-flows.spec.ts:479:7 › Feedback Integration Flows › should render feedback triage dialog structure 

    {
      code: 'PGRST204',
      details: null,
      hint: null,
      message: "Could not find the 'description' column of 'teams' in the schema cache"
    }

    Retry #1 ───────────────────────────────────────────────────────────────────────────────────────

    {
      code: 'PGRST204',
      details: null,
      hint: null,
      message: "Could not find the 'description' column of 'teams' in the schema cache"
    }

    attachment #1: trace (application/zip) ─────────────────────────────────────────────────────────
    ..\test-results\05-work-items-edit-flows-F-4f6ab-ack-triage-dialog-structure-chromium-retry1\trace.zip
    Usage:

        npx playwright show-trace ..\test-results\05-work-items-edit-flows-F-4f6ab-ack-triage-dialog-structure-chromium-retry1\trace.zip

    ────────────────────────────────────────────────────────────────────────────────────────────────
]]>
</failure>
<system-out>
<![CDATA[
[[ATTACHMENT|05-work-items-edit-flows-F-4f6ab-ack-triage-dialog-structure-chromium-retry1\trace.zip]]
]]>
</system-out>
<system-err>
<![CDATA[Error creating team: {
  code: [32m'PGRST204'[39m,
  details: [1mnull[22m,
  hint: [1mnull[22m,
  message: [32m"Could not find the 'description' column of 'teams' in the schema cache"[39m
}
Failed to create team in database: {
  code: [32m'PGRST204'[39m,
  details: [1mnull[22m,
  hint: [1mnull[22m,
  message: [32m"Could not find the 'description' column of 'teams' in the schema cache"[39m
}
Setup failed: {
  code: [32m'PGRST204'[39m,
  details: [1mnull[22m,
  hint: [1mnull[22m,
  message: [32m"Could not find the 'description' column of 'teams' in the schema cache"[39m
}
Error creating team: {
  code: [32m'PGRST204'[39m,
  details: [1mnull[22m,
  hint: [1mnull[22m,
  message: [32m"Could not find the 'description' column of 'teams' in the schema cache"[39m
}
Failed to create team in database: {
  code: [32m'PGRST204'[39m,
  details: [1mnull[22m,
  hint: [1mnull[22m,
  message: [32m"Could not find the 'description' column of 'teams' in the schema cache"[39m
}
Setup failed: {
  code: [32m'PGRST204'[39m,
  details: [1mnull[22m,
  hint: [1mnull[22m,
  message: [32m"Could not find the 'description' column of 'teams' in the schema cache"[39m
}
]]>
</system-err>
</testcase>
<testcase name="Feedback Integration Flows › should render feedback convert dialog structure" classname="05-work-items-edit-flows.spec.ts" time="0">
<skipped>
</skipped>
</testcase>
<testcase name="Edit Dialog - Validation and Error Handling › should show validation error for empty name field" classname="05-work-items-edit-flows.spec.ts" time="0.001">
<failure message="05-work-items-edit-flows.spec.ts:555:7 should show validation error for empty name field" type="FAILURE">
<![CDATA[  [chromium] › 05-work-items-edit-flows.spec.ts:555:7 › Edit Dialog - Validation and Error Handling › should show validation error for empty name field 

    {
      code: 'PGRST204',
      details: null,
      hint: null,
      message: "Could not find the 'description' column of 'teams' in the schema cache"
    }

    Retry #1 ───────────────────────────────────────────────────────────────────────────────────────

    {
      code: 'PGRST204',
      details: null,
      hint: null,
      message: "Could not find the 'description' column of 'teams' in the schema cache"
    }

    attachment #1: trace (application/zip) ─────────────────────────────────────────────────────────
    ..\test-results\05-work-items-edit-flows-E-c9be7--error-for-empty-name-field-chromium-retry1\trace.zip
    Usage:

        npx playwright show-trace ..\test-results\05-work-items-edit-flows-E-c9be7--error-for-empty-name-field-chromium-retry1\trace.zip

    ────────────────────────────────────────────────────────────────────────────────────────────────
]]>
</failure>
<system-out>
<![CDATA[
[[ATTACHMENT|05-work-items-edit-flows-E-c9be7--error-for-empty-name-field-chromium-retry1\trace.zip]]
]]>
</system-out>
<system-err>
<![CDATA[Error creating team: {
  code: [32m'PGRST204'[39m,
  details: [1mnull[22m,
  hint: [1mnull[22m,
  message: [32m"Could not find the 'description' column of 'teams' in the schema cache"[39m
}
Failed to create team in database: {
  code: [32m'PGRST204'[39m,
  details: [1mnull[22m,
  hint: [1mnull[22m,
  message: [32m"Could not find the 'description' column of 'teams' in the schema cache"[39m
}
Setup failed: {
  code: [32m'PGRST204'[39m,
  details: [1mnull[22m,
  hint: [1mnull[22m,
  message: [32m"Could not find the 'description' column of 'teams' in the schema cache"[39m
}
Error creating team: {
  code: [32m'PGRST204'[39m,
  details: [1mnull[22m,
  hint: [1mnull[22m,
  message: [32m"Could not find the 'description' column of 'teams' in the schema cache"[39m
}
Failed to create team in database: {
  code: [32m'PGRST204'[39m,
  details: [1mnull[22m,
  hint: [1mnull[22m,
  message: [32m"Could not find the 'description' column of 'teams' in the schema cache"[39m
}
Setup failed: {
  code: [32m'PGRST204'[39m,
  details: [1mnull[22m,
  hint: [1mnull[22m,
  message: [32m"Could not find the 'description' column of 'teams' in the schema cache"[39m
}
]]>
</system-err>
</testcase>
<testcase name="Edit Dialog - Validation and Error Handling › should show loading state while saving" classname="05-work-items-edit-flows.spec.ts" time="0">
<skipped>
</skipped>
</testcase>
<testcase name="Edit Dialog - Validation and Error Handling › should close dialog on cancel button" classname="05-work-items-edit-flows.spec.ts" time="0">
<skipped>
</skipped>
</testcase>
</testsuite>
<testsuite name="06-resources.spec.ts" timestamp="2025-12-04T09:33:14.228Z" hostname="chromium" tests="35" failures="6" skipped="29" time="0.003" errors="0">
<testcase name="Resources - Full-Text Search › should search resources by title keyword" classname="06-resources.spec.ts" time="0.002">
<failure message="06-resources.spec.ts:90:7 should search resources by title keyword" type="FAILURE">
<![CDATA[  [chromium] › 06-resources.spec.ts:90:7 › Resources - Full-Text Search › should search resources by title keyword 

    {
      code: 'PGRST204',
      details: null,
      hint: null,
      message: "Could not find the 'description' column of 'teams' in the schema cache"
    }

    Retry #1 ───────────────────────────────────────────────────────────────────────────────────────

    {
      code: 'PGRST204',
      details: null,
      hint: null,
      message: "Could not find the 'description' column of 'teams' in the schema cache"
    }

    attachment #1: trace (application/zip) ─────────────────────────────────────────────────────────
    ..\test-results\06-resources-Resources---F-9133d--resources-by-title-keyword-chromium-retry1\trace.zip
    Usage:

        npx playwright show-trace ..\test-results\06-resources-Resources---F-9133d--resources-by-title-keyword-chromium-retry1\trace.zip

    ────────────────────────────────────────────────────────────────────────────────────────────────
]]>
</failure>
<system-out>
<![CDATA[
[[ATTACHMENT|06-resources-Resources---F-9133d--resources-by-title-keyword-chromium-retry1\trace.zip]]
]]>
</system-out>
<system-err>
<![CDATA[Error creating team: {
  code: [32m'PGRST204'[39m,
  details: [1mnull[22m,
  hint: [1mnull[22m,
  message: [32m"Could not find the 'description' column of 'teams' in the schema cache"[39m
}
Failed to create team in database: {
  code: [32m'PGRST204'[39m,
  details: [1mnull[22m,
  hint: [1mnull[22m,
  message: [32m"Could not find the 'description' column of 'teams' in the schema cache"[39m
}
Search test setup failed: {
  code: [32m'PGRST204'[39m,
  details: [1mnull[22m,
  hint: [1mnull[22m,
  message: [32m"Could not find the 'description' column of 'teams' in the schema cache"[39m
}
Error creating team: {
  code: [32m'PGRST204'[39m,
  details: [1mnull[22m,
  hint: [1mnull[22m,
  message: [32m"Could not find the 'description' column of 'teams' in the schema cache"[39m
}
Failed to create team in database: {
  code: [32m'PGRST204'[39m,
  details: [1mnull[22m,
  hint: [1mnull[22m,
  message: [32m"Could not find the 'description' column of 'teams' in the schema cache"[39m
}
Search test setup failed: {
  code: [32m'PGRST204'[39m,
  details: [1mnull[22m,
  hint: [1mnull[22m,
  message: [32m"Could not find the 'description' column of 'teams' in the schema cache"[39m
}
]]>
</system-err>
</testcase>
<testcase name="Resources - Full-Text Search › should search resources by description content" classname="06-resources.spec.ts" time="0">
<skipped>
</skipped>
</testcase>
<testcase name="Resources - Full-Text Search › should search resources by notes content" classname="06-resources.spec.ts" time="0">
<skipped>
</skipped>
</testcase>
<testcase name="Resources - Full-Text Search › should rank title matches higher than description matches" classname="06-resources.spec.ts" time="0">
<skipped>
</skipped>
</testcase>
<testcase name="Resources - Full-Text Search › should return empty results for non-matching query" classname="06-resources.spec.ts" time="0">
<skipped>
</skipped>
</testcase>
<testcase name="Resources - Full-Text Search › should filter search by resource type" classname="06-resources.spec.ts" time="0">
<skipped>
</skipped>
</testcase>
<testcase name="Resources - Full-Text Search › should require team_id for search" classname="06-resources.spec.ts" time="0">
<skipped>
</skipped>
</testcase>
<testcase name="Resources - Full-Text Search › should require search query" classname="06-resources.spec.ts" time="0">
<skipped>
</skipped>
</testcase>
<testcase name="Resources - Sharing (Many-to-Many) › should show resource linked to first work item" classname="06-resources.spec.ts" time="0">
<failure message="06-resources.spec.ts:285:7 should show resource linked to first work item" type="FAILURE">
<![CDATA[  [chromium] › 06-resources.spec.ts:285:7 › Resources - Sharing (Many-to-Many) › should show resource linked to first work item 

    {
      code: 'PGRST204',
      details: null,
      hint: null,
      message: "Could not find the 'description' column of 'teams' in the schema cache"
    }

    Retry #1 ───────────────────────────────────────────────────────────────────────────────────────

    {
      code: 'PGRST204',
      details: null,
      hint: null,
      message: "Could not find the 'description' column of 'teams' in the schema cache"
    }

    attachment #1: trace (application/zip) ─────────────────────────────────────────────────────────
    ..\test-results\06-resources-Resources---S-828b1-e-linked-to-first-work-item-chromium-retry1\trace.zip
    Usage:

        npx playwright show-trace ..\test-results\06-resources-Resources---S-828b1-e-linked-to-first-work-item-chromium-retry1\trace.zip

    ────────────────────────────────────────────────────────────────────────────────────────────────
]]>
</failure>
<system-out>
<![CDATA[
[[ATTACHMENT|06-resources-Resources---S-828b1-e-linked-to-first-work-item-chromium-retry1\trace.zip]]
]]>
</system-out>
<system-err>
<![CDATA[Error creating team: {
  code: [32m'PGRST204'[39m,
  details: [1mnull[22m,
  hint: [1mnull[22m,
  message: [32m"Could not find the 'description' column of 'teams' in the schema cache"[39m
}
Failed to create team in database: {
  code: [32m'PGRST204'[39m,
  details: [1mnull[22m,
  hint: [1mnull[22m,
  message: [32m"Could not find the 'description' column of 'teams' in the schema cache"[39m
}
Sharing test setup failed: {
  code: [32m'PGRST204'[39m,
  details: [1mnull[22m,
  hint: [1mnull[22m,
  message: [32m"Could not find the 'description' column of 'teams' in the schema cache"[39m
}
Error creating team: {
  code: [32m'PGRST204'[39m,
  details: [1mnull[22m,
  hint: [1mnull[22m,
  message: [32m"Could not find the 'description' column of 'teams' in the schema cache"[39m
}
Failed to create team in database: {
  code: [32m'PGRST204'[39m,
  details: [1mnull[22m,
  hint: [1mnull[22m,
  message: [32m"Could not find the 'description' column of 'teams' in the schema cache"[39m
}
Sharing test setup failed: {
  code: [32m'PGRST204'[39m,
  details: [1mnull[22m,
  hint: [1mnull[22m,
  message: [32m"Could not find the 'description' column of 'teams' in the schema cache"[39m
}
]]>
</system-err>
</testcase>
<testcase name="Resources - Sharing (Many-to-Many) › should link same resource to second work item" classname="06-resources.spec.ts" time="0">
<skipped>
</skipped>
</testcase>
<testcase name="Resources - Sharing (Many-to-Many) › should show linked_work_items_count in resource listing" classname="06-resources.spec.ts" time="0">
<skipped>
</skipped>
</testcase>
<testcase name="Resources - Sharing (Many-to-Many) › should unlink resource from work item without deleting it" classname="06-resources.spec.ts" time="0">
<skipped>
</skipped>
</testcase>
<testcase name="Resources - Sharing (Many-to-Many) › should allow different tab_type for same resource on different work items" classname="06-resources.spec.ts" time="0">
<skipped>
</skipped>
</testcase>
<testcase name="Resources - Audit Trail › should log &quot;created&quot; action when resource is created" classname="06-resources.spec.ts" time="0.001">
<failure message="06-resources.spec.ts:468:7 should log &quot;created&quot; action when resource is created" type="FAILURE">
<![CDATA[  [chromium] › 06-resources.spec.ts:468:7 › Resources - Audit Trail › should log "created" action when resource is created 

    {
      code: 'PGRST204',
      details: null,
      hint: null,
      message: "Could not find the 'description' column of 'teams' in the schema cache"
    }

    Retry #1 ───────────────────────────────────────────────────────────────────────────────────────

    {
      code: 'PGRST204',
      details: null,
      hint: null,
      message: "Could not find the 'description' column of 'teams' in the schema cache"
    }

    attachment #1: trace (application/zip) ─────────────────────────────────────────────────────────
    ..\test-results\06-resources-Resources---A-af906-on-when-resource-is-created-chromium-retry1\trace.zip
    Usage:

        npx playwright show-trace ..\test-results\06-resources-Resources---A-af906-on-when-resource-is-created-chromium-retry1\trace.zip

    ────────────────────────────────────────────────────────────────────────────────────────────────
]]>
</failure>
<system-out>
<![CDATA[
[[ATTACHMENT|06-resources-Resources---A-af906-on-when-resource-is-created-chromium-retry1\trace.zip]]
]]>
</system-out>
<system-err>
<![CDATA[Error creating team: {
  code: [32m'PGRST204'[39m,
  details: [1mnull[22m,
  hint: [1mnull[22m,
  message: [32m"Could not find the 'description' column of 'teams' in the schema cache"[39m
}
Failed to create team in database: {
  code: [32m'PGRST204'[39m,
  details: [1mnull[22m,
  hint: [1mnull[22m,
  message: [32m"Could not find the 'description' column of 'teams' in the schema cache"[39m
}
Audit test setup failed: {
  code: [32m'PGRST204'[39m,
  details: [1mnull[22m,
  hint: [1mnull[22m,
  message: [32m"Could not find the 'description' column of 'teams' in the schema cache"[39m
}
Error creating team: {
  code: [32m'PGRST204'[39m,
  details: [1mnull[22m,
  hint: [1mnull[22m,
  message: [32m"Could not find the 'description' column of 'teams' in the schema cache"[39m
}
Failed to create team in database: {
  code: [32m'PGRST204'[39m,
  details: [1mnull[22m,
  hint: [1mnull[22m,
  message: [32m"Could not find the 'description' column of 'teams' in the schema cache"[39m
}
Audit test setup failed: {
  code: [32m'PGRST204'[39m,
  details: [1mnull[22m,
  hint: [1mnull[22m,
  message: [32m"Could not find the 'description' column of 'teams' in the schema cache"[39m
}
]]>
</system-err>
</testcase>
<testcase name="Resources - Audit Trail › should log &quot;linked&quot; action when resource is linked to work item" classname="06-resources.spec.ts" time="0">
<skipped>
</skipped>
</testcase>
<testcase name="Resources - Audit Trail › should return history through API endpoint" classname="06-resources.spec.ts" time="0">
<skipped>
</skipped>
</testcase>
<testcase name="Resources - Audit Trail › should include actor information in history" classname="06-resources.spec.ts" time="0">
<skipped>
</skipped>
</testcase>
<testcase name="Resources - Audit Trail › should include change details for updates" classname="06-resources.spec.ts" time="0">
<skipped>
</skipped>
</testcase>
<testcase name="Resources - Soft Delete › should soft delete resource (set is_deleted flag)" classname="06-resources.spec.ts" time="0">
<failure message="06-resources.spec.ts:630:7 should soft delete resource (set is_deleted flag)" type="FAILURE">
<![CDATA[  [chromium] › 06-resources.spec.ts:630:7 › Resources - Soft Delete › should soft delete resource (set is_deleted flag) 

    {
      code: 'PGRST204',
      details: null,
      hint: null,
      message: "Could not find the 'description' column of 'teams' in the schema cache"
    }

    Retry #1 ───────────────────────────────────────────────────────────────────────────────────────

    {
      code: 'PGRST204',
      details: null,
      hint: null,
      message: "Could not find the 'description' column of 'teams' in the schema cache"
    }

    attachment #1: trace (application/zip) ─────────────────────────────────────────────────────────
    ..\test-results\06-resources-Resources---S-7c9af-source-set-is-deleted-flag--chromium-retry1\trace.zip
    Usage:

        npx playwright show-trace ..\test-results\06-resources-Resources---S-7c9af-source-set-is-deleted-flag--chromium-retry1\trace.zip

    ────────────────────────────────────────────────────────────────────────────────────────────────
]]>
</failure>
<system-out>
<![CDATA[
[[ATTACHMENT|06-resources-Resources---S-7c9af-source-set-is-deleted-flag--chromium-retry1\trace.zip]]
]]>
</system-out>
<system-err>
<![CDATA[Error creating team: {
  code: [32m'PGRST204'[39m,
  details: [1mnull[22m,
  hint: [1mnull[22m,
  message: [32m"Could not find the 'description' column of 'teams' in the schema cache"[39m
}
Failed to create team in database: {
  code: [32m'PGRST204'[39m,
  details: [1mnull[22m,
  hint: [1mnull[22m,
  message: [32m"Could not find the 'description' column of 'teams' in the schema cache"[39m
}
Delete test setup failed: {
  code: [32m'PGRST204'[39m,
  details: [1mnull[22m,
  hint: [1mnull[22m,
  message: [32m"Could not find the 'description' column of 'teams' in the schema cache"[39m
}
Error creating team: {
  code: [32m'PGRST204'[39m,
  details: [1mnull[22m,
  hint: [1mnull[22m,
  message: [32m"Could not find the 'description' column of 'teams' in the schema cache"[39m
}
Failed to create team in database: {
  code: [32m'PGRST204'[39m,
  details: [1mnull[22m,
  hint: [1mnull[22m,
  message: [32m"Could not find the 'description' column of 'teams' in the schema cache"[39m
}
Delete test setup failed: {
  code: [32m'PGRST204'[39m,
  details: [1mnull[22m,
  hint: [1mnull[22m,
  message: [32m"Could not find the 'description' column of 'teams' in the schema cache"[39m
}
]]>
</system-err>
</testcase>
<testcase name="Resources - Soft Delete › should hide deleted resources from default listing" classname="06-resources.spec.ts" time="0">
<skipped>
</skipped>
</testcase>
<testcase name="Resources - Soft Delete › should show deleted resources when include_deleted=true" classname="06-resources.spec.ts" time="0">
<skipped>
</skipped>
</testcase>
<testcase name="Resources - Soft Delete › should exclude deleted resources from search results by default" classname="06-resources.spec.ts" time="0">
<skipped>
</skipped>
</testcase>
<testcase name="Resources - Soft Delete › should log &quot;deleted&quot; action in audit trail" classname="06-resources.spec.ts" time="0">
<skipped>
</skipped>
</testcase>
<testcase name="Resources - CRUD Operations › should create resource with all fields" classname="06-resources.spec.ts" time="0">
<failure message="06-resources.spec.ts:731:7 should create resource with all fields" type="FAILURE">
<![CDATA[  [chromium] › 06-resources.spec.ts:731:7 › Resources - CRUD Operations › should create resource with all fields 

    {
      code: 'PGRST204',
      details: null,
      hint: null,
      message: "Could not find the 'description' column of 'teams' in the schema cache"
    }

    Retry #1 ───────────────────────────────────────────────────────────────────────────────────────

    {
      code: 'PGRST204',
      details: null,
      hint: null,
      message: "Could not find the 'description' column of 'teams' in the schema cache"
    }

    attachment #1: trace (application/zip) ─────────────────────────────────────────────────────────
    ..\test-results\06-resources-Resources---C-05d77-te-resource-with-all-fields-chromium-retry1\trace.zip
    Usage:

        npx playwright show-trace ..\test-results\06-resources-Resources---C-05d77-te-resource-with-all-fields-chromium-retry1\trace.zip

    ────────────────────────────────────────────────────────────────────────────────────────────────
]]>
</failure>
<system-out>
<![CDATA[
[[ATTACHMENT|06-resources-Resources---C-05d77-te-resource-with-all-fields-chromium-retry1\trace.zip]]
]]>
</system-out>
<system-err>
<![CDATA[Error creating team: {
  code: [32m'PGRST204'[39m,
  details: [1mnull[22m,
  hint: [1mnull[22m,
  message: [32m"Could not find the 'description' column of 'teams' in the schema cache"[39m
}
Failed to create team in database: {
  code: [32m'PGRST204'[39m,
  details: [1mnull[22m,
  hint: [1mnull[22m,
  message: [32m"Could not find the 'description' column of 'teams' in the schema cache"[39m
}
CRUD test setup failed: {
  code: [32m'PGRST204'[39m,
  details: [1mnull[22m,
  hint: [1mnull[22m,
  message: [32m"Could not find the 'description' column of 'teams' in the schema cache"[39m
}
Error creating team: {
  code: [32m'PGRST204'[39m,
  details: [1mnull[22m,
  hint: [1mnull[22m,
  message: [32m"Could not find the 'description' column of 'teams' in the schema cache"[39m
}
Failed to create team in database: {
  code: [32m'PGRST204'[39m,
  details: [1mnull[22m,
  hint: [1mnull[22m,
  message: [32m"Could not find the 'description' column of 'teams' in the schema cache"[39m
}
CRUD test setup failed: {
  code: [32m'PGRST204'[39m,
  details: [1mnull[22m,
  hint: [1mnull[22m,
  message: [32m"Could not find the 'description' column of 'teams' in the schema cache"[39m
}
]]>
</system-err>
</testcase>
<testcase name="Resources - CRUD Operations › should require workspace_id and team_id" classname="06-resources.spec.ts" time="0">
<skipped>
</skipped>
</testcase>
<testcase name="Resources - CRUD Operations › should list resources with pagination" classname="06-resources.spec.ts" time="0">
<skipped>
</skipped>
</testcase>
<testcase name="Resources - CRUD Operations › should filter resources by type" classname="06-resources.spec.ts" time="0">
<skipped>
</skipped>
</testcase>
<testcase name="Resources - CRUD Operations › should update resource fields" classname="06-resources.spec.ts" time="0">
<skipped>
</skipped>
</testcase>
<testcase name="Resources - CRUD Operations › should extract source_domain from URL" classname="06-resources.spec.ts" time="0">
<skipped>
</skipped>
</testcase>
<testcase name="Resources - Type Classification › should create resource with type: reference" classname="06-resources.spec.ts" time="0">
<failure message="06-resources.spec.ts:887:9 should create resource with type: reference" type="FAILURE">
<![CDATA[  [chromium] › 06-resources.spec.ts:887:9 › Resources - Type Classification › should create resource with type: reference 

    {
      code: 'PGRST204',
      details: null,
      hint: null,
      message: "Could not find the 'description' column of 'teams' in the schema cache"
    }

    Retry #1 ───────────────────────────────────────────────────────────────────────────────────────

    {
      code: 'PGRST204',
      details: null,
      hint: null,
      message: "Could not find the 'description' column of 'teams' in the schema cache"
    }

    attachment #1: trace (application/zip) ─────────────────────────────────────────────────────────
    ..\test-results\06-resources-Resources---T-b968c-esource-with-type-reference-chromium-retry1\trace.zip
    Usage:

        npx playwright show-trace ..\test-results\06-resources-Resources---T-b968c-esource-with-type-reference-chromium-retry1\trace.zip

    ────────────────────────────────────────────────────────────────────────────────────────────────
]]>
</failure>
<system-out>
<![CDATA[
[[ATTACHMENT|06-resources-Resources---T-b968c-esource-with-type-reference-chromium-retry1\trace.zip]]
]]>
</system-out>
<system-err>
<![CDATA[Error creating team: {
  code: [32m'PGRST204'[39m,
  details: [1mnull[22m,
  hint: [1mnull[22m,
  message: [32m"Could not find the 'description' column of 'teams' in the schema cache"[39m
}
Failed to create team in database: {
  code: [32m'PGRST204'[39m,
  details: [1mnull[22m,
  hint: [1mnull[22m,
  message: [32m"Could not find the 'description' column of 'teams' in the schema cache"[39m
}
Type test setup failed: {
  code: [32m'PGRST204'[39m,
  details: [1mnull[22m,
  hint: [1mnull[22m,
  message: [32m"Could not find the 'description' column of 'teams' in the schema cache"[39m
}
Error creating team: {
  code: [32m'PGRST204'[39m,
  details: [1mnull[22m,
  hint: [1mnull[22m,
  message: [32m"Could not find the 'description' column of 'teams' in the schema cache"[39m
}
Failed to create team in database: {
  code: [32m'PGRST204'[39m,
  details: [1mnull[22m,
  hint: [1mnull[22m,
  message: [32m"Could not find the 'description' column of 'teams' in the schema cache"[39m
}
Type test setup failed: {
  code: [32m'PGRST204'[39m,
  details: [1mnull[22m,
  hint: [1mnull[22m,
  message: [32m"Could not find the 'description' column of 'teams' in the schema cache"[39m
}
]]>
</system-err>
</testcase>
<testcase name="Resources - Type Classification › should create resource with type: inspiration" classname="06-resources.spec.ts" time="0">
<skipped>
</skipped>
</testcase>
<testcase name="Resources - Type Classification › should create resource with type: documentation" classname="06-resources.spec.ts" time="0">
<skipped>
</skipped>
</testcase>
<testcase name="Resources - Type Classification › should create resource with type: media" classname="06-resources.spec.ts" time="0">
<skipped>
</skipped>
</testcase>
<testcase name="Resources - Type Classification › should create resource with type: tool" classname="06-resources.spec.ts" time="0">
<skipped>
</skipped>
</testcase>
<testcase name="Resources - Type Classification › should reject invalid resource type" classname="06-resources.spec.ts" time="0">
<skipped>
</skipped>
</testcase>
</testsuite>
<testsuite name="auth.spec.ts" timestamp="2025-12-04T09:33:14.228Z" hostname="chromium" tests="5" failures="2" skipped="0" time="28.045" errors="0">
<testcase name="Authentication › should display login page" classname="auth.spec.ts" time="1.052">
</testcase>
<testcase name="Authentication › should redirect unauthenticated users to login" classname="auth.spec.ts" time="0.742">
</testcase>
<testcase name="Authentication › should show email input validation" classname="auth.spec.ts" time="0.784">
</testcase>
<testcase name="Authentication › should navigate to signup page" classname="auth.spec.ts" time="2.006">
<failure message="auth.spec.ts:47:7 should navigate to signup page" type="FAILURE">
<![CDATA[  [chromium] › auth.spec.ts:47:7 › Authentication › should navigate to signup page ─────────────────

    Error: expect(locator).toBeVisible() failed

    Locator: getByText(/create.*account/i)
    Expected: visible
    Error: strict mode violation: getByText(/create.*account/i) resolved to 2 elements:
        1) <div data-slot="card-title" class="text-2xl font-bold">Create an account</div> aka getByText('Create an account')
        2) <button type="submit" data-slot="button" class="inline-flex items-center justify-center gap-2 whitespace-nowrap rounded-md text-sm font-medium transition-all disabled:pointer-events-none disabled:opacity-50 [&_svg]:pointer-events-none [&_svg:not([class*='size-'])]:size-4 shrink-0 [&_svg]:shrink-0 outline-none focus-visible:border-ring focus-visible:ring-ring/50 focus-visible:ring-[3px] aria-invalid:ring-destructive/20 dark:aria-invalid:ring-destructive/40 aria-invalid:border-destructive bg-primary tex…>Create Account</button> aka getByRole('button', { name: 'Create Account' })

    Call log:
      - Expect "toBeVisible" with timeout 10000ms
      - waiting for getByText(/create.*account/i)


      53 |     // Should navigate to signup page
      54 |     await expect(page).toHaveURL(/.*signup/);
    > 55 |     await expect(page.getByText(/create.*account/i)).toBeVisible();
         |                                                      ^
      56 |   });
      57 |
      58 |   test('should display signup page correctly', async ({ page }) => {
        at C:\Users\harsh\Downloads\Platform Test\next-app\e2e\auth.spec.ts:55:54

    attachment #1: screenshot (image/png) ──────────────────────────────────────────────────────────
    ..\test-results\auth-Authentication-should-navigate-to-signup-page-chromium\test-failed-1.png
    ────────────────────────────────────────────────────────────────────────────────────────────────

    attachment #2: video (video/webm) ──────────────────────────────────────────────────────────────
    ..\test-results\auth-Authentication-should-navigate-to-signup-page-chromium\video.webm
    ────────────────────────────────────────────────────────────────────────────────────────────────

    Error Context: ..\test-results\auth-Authentication-should-navigate-to-signup-page-chromium\error-context.md

    Retry #1 ───────────────────────────────────────────────────────────────────────────────────────

    Error: expect(locator).toBeVisible() failed

    Locator: getByText(/create.*account/i)
    Expected: visible
    Error: strict mode violation: getByText(/create.*account/i) resolved to 2 elements:
        1) <div data-slot="card-title" class="text-2xl font-bold">Create an account</div> aka getByText('Create an account')
        2) <button type="submit" data-slot="button" class="inline-flex items-center justify-center gap-2 whitespace-nowrap rounded-md text-sm font-medium transition-all disabled:pointer-events-none disabled:opacity-50 [&_svg]:pointer-events-none [&_svg:not([class*='size-'])]:size-4 shrink-0 [&_svg]:shrink-0 outline-none focus-visible:border-ring focus-visible:ring-ring/50 focus-visible:ring-[3px] aria-invalid:ring-destructive/20 dark:aria-invalid:ring-destructive/40 aria-invalid:border-destructive bg-primary tex…>Create Account</button> aka getByRole('button', { name: 'Create Account' })

    Call log:
      - Expect "toBeVisible" with timeout 10000ms
      - waiting for getByText(/create.*account/i)


      53 |     // Should navigate to signup page
      54 |     await expect(page).toHaveURL(/.*signup/);
    > 55 |     await expect(page.getByText(/create.*account/i)).toBeVisible();
         |                                                      ^
      56 |   });
      57 |
      58 |   test('should display signup page correctly', async ({ page }) => {
        at C:\Users\harsh\Downloads\Platform Test\next-app\e2e\auth.spec.ts:55:54

    attachment #1: screenshot (image/png) ──────────────────────────────────────────────────────────
    ..\test-results\auth-Authentication-should-navigate-to-signup-page-chromium-retry1\test-failed-1.png
    ────────────────────────────────────────────────────────────────────────────────────────────────

    attachment #2: video (video/webm) ──────────────────────────────────────────────────────────────
    ..\test-results\auth-Authentication-should-navigate-to-signup-page-chromium-retry1\video.webm
    ────────────────────────────────────────────────────────────────────────────────────────────────

    Error Context: ..\test-results\auth-Authentication-should-navigate-to-signup-page-chromium-retry1\error-context.md

    attachment #4: trace (application/zip) ─────────────────────────────────────────────────────────
    ..\test-results\auth-Authentication-should-navigate-to-signup-page-chromium-retry1\trace.zip
    Usage:

        npx playwright show-trace ..\test-results\auth-Authentication-should-navigate-to-signup-page-chromium-retry1\trace.zip

    ────────────────────────────────────────────────────────────────────────────────────────────────
]]>
</failure>
<system-out>
<![CDATA[
[[ATTACHMENT|auth-Authentication-should-navigate-to-signup-page-chromium\test-failed-1.png]]

[[ATTACHMENT|auth-Authentication-should-navigate-to-signup-page-chromium\video.webm]]

[[ATTACHMENT|auth-Authentication-should-navigate-to-signup-page-chromium\error-context.md]]

[[ATTACHMENT|auth-Authentication-should-navigate-to-signup-page-chromium-retry1\test-failed-1.png]]

[[ATTACHMENT|auth-Authentication-should-navigate-to-signup-page-chromium-retry1\video.webm]]

[[ATTACHMENT|auth-Authentication-should-navigate-to-signup-page-chromium-retry1\error-context.md]]

[[ATTACHMENT|auth-Authentication-should-navigate-to-signup-page-chromium-retry1\trace.zip]]
]]>
</system-out>
</testcase>
<testcase name="Authentication › should display signup page correctly" classname="auth.spec.ts" time="23.461">
<failure message="auth.spec.ts:58:7 should display signup page correctly" type="FAILURE">
<![CDATA[  [chromium] › auth.spec.ts:58:7 › Authentication › should display signup page correctly ───────────

    Error: expect(locator).toBeVisible() failed

    Locator: getByRole('button', { name: /send magic link/i })
    Expected: visible
    Timeout: 10000ms
[...]

    Call log:
      - Expect "toBeVisible" with timeout 10000ms
      - waiting for getByText(/create.*account/i)


      53 |     // Should navigate to signup page
      54 |     await expect(page).toHaveURL(/.*signup/);
    > 55 |     await expect(page.getByText(/create.*account/i)).toBeVisible();
         |                                                      ^
      56 |   });
      57 |
      58 |   test('should display signup page correctly', async ({ page }) => {
        at C:\Users\harsh\Downloads\Platform Test\next-app\e2e\auth.spec.ts:55:54

    attachment #1: screenshot (image/png) ──────────────────────────────────────────────────────────
    ..\test-results\auth-Authentication-should-navigate-to-signup-page-Mobile-Safari\test-failed-1.png
    ────────────────────────────────────────────────────────────────────────────────────────────────

    attachment #2: video (video/webm) ──────────────────────────────────────────────────────────────
    ..\test-results\auth-Authentication-should-navigate-to-signup-page-Mobile-Safari\video.webm
    ────────────────────────────────────────────────────────────────────────────────────────────────

    Error Context: ..\test-results\auth-Authentication-should-navigate-to-signup-page-Mobile-Safari\error-context.md

    Retry #1 ───────────────────────────────────────────────────────────────────────────────────────

    Error: expect(locator).toBeVisible() failed

    Locator: getByText(/create.*account/i)
    Expected: visible
    Error: strict mode violation: getByText(/create.*account/i) resolved to 2 elements:
        1) <div data-slot="card-title" class="text-2xl font-bold">Create an account</div> aka getByText('Create an account')
        2) <button type="submit" data-slot="button" class="inline-flex items-center justify-center gap-2 whitespace-nowrap rounded-md text-sm font-medium transition-all disabled:pointer-events-none disabled:opacity-50 [&_svg]:pointer-events-none [&_svg:not([class*='size-'])]:size-4 shrink-0 [&_svg]:shrink-0 outline-none focus-visible:border-ring focus-visible:ring-ring/50 focus-visible:ring-[3px] aria-invalid:ring-destructive/20 dark:aria-invalid:ring-destructive/40 aria-invalid:border-destructive bg-primary tex…>Create Account</button> aka getByRole('button', { name: 'Create Account' })

    Call log:
      - Expect "toBeVisible" with timeout 10000ms
      - waiting for getByText(/create.*account/i)


      53 |     // Should navigate to signup page
      54 |     await expect(page).toHaveURL(/.*signup/);
    > 55 |     await expect(page.getByText(/create.*account/i)).toBeVisible();
         |                                                      ^
      56 |   });
      57 |
      58 |   test('should display signup page correctly', async ({ page }) => {
        at C:\Users\harsh\Downloads\Platform Test\next-app\e2e\auth.spec.ts:55:54

    attachment #1: screenshot (image/png) ──────────────────────────────────────────────────────────
    ..\test-results\auth-Authentication-should-navigate-to-signup-page-Mobile-Safari-retry1\test-failed-1.png
    ────────────────────────────────────────────────────────────────────────────────────────────────

    attachment #2: video (video/webm) ──────────────────────────────────────────────────────────────
    ..\test-results\auth-Authentication-should-navigate-to-signup-page-Mobile-Safari-retry1\video.webm
    ────────────────────────────────────────────────────────────────────────────────────────────────

    Error Context: ..\test-results\auth-Authentication-should-navigate-to-signup-page-Mobile-Safari-retry1\error-context.md

    attachment #4: trace (application/zip) ─────────────────────────────────────────────────────────
    ..\test-results\auth-Authentication-should-navigate-to-signup-page-Mobile-Safari-retry1\trace.zip
    Usage:

        npx playwright show-trace ..\test-results\auth-Authentication-should-navigate-to-signup-page-Mobile-Safari-retry1\trace.zip

    ────────────────────────────────────────────────────────────────────────────────────────────────
]]>
</failure>
<system-out>
<![CDATA[
[[ATTACHMENT|auth-Authentication-should-navigate-to-signup-page-Mobile-Safari\test-failed-1.png]]

[[ATTACHMENT|auth-Authentication-should-navigate-to-signup-page-Mobile-Safari\video.webm]]

[[ATTACHMENT|auth-Authentication-should-navigate-to-signup-page-Mobile-Safari\error-context.md]]

[[ATTACHMENT|auth-Authentication-should-navigate-to-signup-page-Mobile-Safari-retry1\test-failed-1.png]]

[[ATTACHMENT|auth-Authentication-should-navigate-to-signup-page-Mobile-Safari-retry1\video.webm]]

[[ATTACHMENT|auth-Authentication-should-navigate-to-signup-page-Mobile-Safari-retry1\error-context.md]]

[[ATTACHMENT|auth-Authentication-should-navigate-to-signup-page-Mobile-Safari-retry1\trace.zip]]
]]>
</system-out>
</testcase>
<testcase name="Authentication › should display signup page correctly" classname="auth.spec.ts" time="24.203">
<failure message="auth.spec.ts:58:7 should display signup page correctly" type="FAILURE">
<![CDATA[  [Mobile Safari] › auth.spec.ts:58:7 › Authentication › should display signup page correctly ──────

    Error: expect(locator).toBeVisible() failed

    Locator: getByRole('button', { name: /send magic link/i })
    Expected: visible
    Timeout: 10000ms
    Error: element(s) not found

    Call log:
      - Expect "toBeVisible" with timeout 10000ms
      - waiting for getByRole('button', { name: /send magic link/i })


      61 |     // Verify signup page elements
      62 |     await expect(page.getByPlaceholder('name@example.com')).toBeVisible();
    > 63 |     await expect(page.getByRole('button', { name: /send magic link/i })).toBeVisible();
         |                                                                          ^
      64 |     await expect(page.getByRole('link', { name: /sign in/i })).toBeVisible();
      65 |   });
      66 |
        at C:\Users\harsh\Downloads\Platform Test\next-app\e2e\auth.spec.ts:63:74

    attachment #1: screenshot (image/png) ──────────────────────────────────────────────────────────
    ..\test-results\auth-Authentication-should-display-signup-page-correctly-Mobile-Safari\test-failed-1.png
    ────────────────────────────────────────────────────────────────────────────────────────────────

    attachment #2: video (video/webm) ──────────────────────────────────────────────────────────────
    ..\test-results\auth-Authentication-should-display-signup-page-correctly-Mobile-Safari\video.webm
    ────────────────────────────────────────────────────────────────────────────────────────────────

    Error Context: ..\test-results\auth-Authentication-should-display-signup-page-correctly-Mobile-Safari\error-context.md

    Retry #1 ───────────────────────────────────────────────────────────────────────────────────────

    Error: expect(locator).toBeVisible() failed

    Locator: getByRole('button', { name: /send magic link/i })
    Expected: visible
    Timeout: 10000ms
    Error: element(s) not found

    Call log:
      - Expect "toBeVisible" with timeout 10000ms
      - waiting for getByRole('button', { name: /send magic link/i })


      61 |     // Verify signup page elements
      62 |     await expect(page.getByPlaceholder('name@example.com')).toBeVisible();
    > 63 |     await expect(page.getByRole('button', { name: /send magic link/i })).toBeVisible();
         |                                                                          ^
      64 |     await expect(page.getByRole('link', { name: /sign in/i })).toBeVisible();
      65 |   });
      66 |
        at C:\Users\harsh\Downloads\Platform Test\next-app\e2e\auth.spec.ts:63:74

    attachment #1: screenshot (image/png) ──────────────────────────────────────────────────────────
    ..\test-results\auth-Authentication-should-display-signup-page-correctly-Mobile-Safari-retry1\test-failed-1.png
    ────────────────────────────────────────────────────────────────────────────────────────────────

    attachment #2: video (video/webm) ──────────────────────────────────────────────────────────────
    ..\test-results\auth-Authentication-should-display-signup-page-correctly-Mobile-Safari-retry1\video.webm
    ────────────────────────────────────────────────────────────────────────────────────────────────

    Error Context: ..\test-results\auth-Authentication-should-display-signup-page-correctly-Mobile-Safari-retry1\error-context.md

    attachment #4: trace (application/zip) ─────────────────────────────────────────────────────────
    ..\test-results\auth-Authentication-should-display-signup-page-correctly-Mobile-Safari-retry1\trace.zip
    Usage:

        npx playwright show-trace ..\test-results\auth-Authentication-should-display-signup-page-correctly-Mobile-Safari-retry1\trace.zip

    ────────────────────────────────────────────────────────────────────────────────────────────────
]]>
</failure>
<system-out>
<![CDATA[
[[ATTACHMENT|auth-Authentication-should-display-signup-page-correctly-Mobile-Safari\test-failed-1.png]]

[[ATTACHMENT|auth-Authentication-should-display-signup-page-correctly-Mobile-Safari\video.webm]]

[[ATTACHMENT|auth-Authentication-should-display-signup-page-correctly-Mobile-Safari\error-context.md]]

[[ATTACHMENT|auth-Authentication-should-display-signup-page-correctly-Mobile-Safari-retry1\test-failed-1.png]]

[[ATTACHMENT|auth-Authentication-should-display-signup-page-correctly-Mobile-Safari-retry1\video.webm]]

[[ATTACHMENT|auth-Authentication-should-display-signup-page-correctly-Mobile-Safari-retry1\error-context.md]]

[[ATTACHMENT|auth-Authentication-should-display-signup-page-correctly-Mobile-Safari-retry1\trace.zip]]
]]>
</system-out>
</testcase>
</testsuite>
<testsuite name="dependencies.spec.ts" timestamp="2025-12-04T09:33:14.228Z" hostname="Mobile Safari" tests="9" failures="0" skipped="9" time="0" errors="0">
<testcase name="Dependency Management › should display dependency graph page" classname="dependencies.spec.ts" time="0">
<properties>
<property name="skip" value="">
</property>
</properties>
<skipped>
</skipped>
</testcase>
<testcase name="Dependency Management › should create dependency link" classname="dependencies.spec.ts" time="0">
<properties>
<property name="skip" value="">
</property>
</properties>
<skipped>
</skipped>
</testcase>
<testcase name="Dependency Management › should show different link types with colors" classname="dependencies.spec.ts" time="0">
<properties>
<property name="skip" value="">
</property>
</properties>
<skipped>
</skipped>
</testcase>
<testcase name="Dependency Management › should display critical path analysis" classname="dependencies.spec.ts" time="0">
<properties>
<property name="skip" value="">
</property>
</properties>
<skipped>
</skipped>
</testcase>
<testcase name="Dependency Management › should filter graph by feature type" classname="dependencies.spec.ts" time="0">
<properties>
<property name="skip" value="">
</property>
</properties>
<skipped>
</skipped>
</testcase>
<testcase name="Dependency Management › should zoom and pan dependency graph" classname="dependencies.spec.ts" time="0">
<properties>
<property name="skip" value="">
</property>
</properties>
<skipped>
</skipped>
</testcase>
<testcase name="Dependency Management › should delete dependency link" classname="dependencies.spec.ts" time="0">
<properties>
<property name="skip" value="">
</property>
</properties>
<skipped>
</skipped>
</testcase>
<testcase name="Dependency Management › should show AI dependency suggestions" classname="dependencies.spec.ts" time="0">
<properties>
<property name="skip" value="">
</property>
</properties>
<skipped>
</skipped>
</testcase>
<testcase name="Dependency Management › should export dependency graph as image" classname="dependencies.spec.ts" time="0">
<properties>
<property name="skip" value="">
</property>
</properties>
<skipped>
</skipped>
</testcase>
</testsuite>
<testsuite name="mind-map.spec.ts" timestamp="2025-12-04T09:33:14.228Z" hostname="Mobile Safari" tests="6" failures="0" skipped="6" time="0" errors="0">
<testcase name="Mind Mapping › should display mind map list page" classname="mind-map.spec.ts" time="0">
<properties>
<property name="skip" value="">
</property>
</properties>
<skipped>
</skipped>
</testcase>
<testcase name="Mind Mapping › should create new mind map" classname="mind-map.spec.ts" time="0">
<properties>
<property name="skip" value="">
</property>
</properties>
<skipped>
</skipped>
</testcase>
<testcase name="Mind Mapping › should add nodes to canvas" classname="mind-map.spec.ts" time="0">
<properties>
<property name="skip" value="">
</property>
</properties>
<skipped>
</skipped>
</testcase>
<testcase name="Mind Mapping › should save mind map automatically" classname="mind-map.spec.ts" time="0">
<properties>
<property name="skip" value="">
</property>
</properties>
<skipped>
</skipped>
</testcase>
<testcase name="Mind Mapping › should apply template to canvas" classname="mind-map.spec.ts" time="0">
<properties>
<property name="skip" value="">
</property>
</properties>
<skipped>
</skipped>
</testcase>
<testcase name="Mind Mapping › should export mind map as PNG" classname="mind-map.spec.ts" time="0">
<properties>
<property name="skip" value="">
</property>
</properties>
<skipped>
</skipped>
</testcase>
</testsuite>
<testsuite name="security.spec.ts" timestamp="2025-12-04T09:33:14.228Z" hostname="Mobile Safari" tests="10" failures="0" skipped="9" time="1.899" errors="0">
<testcase name="Security &amp; Multi-Tenant Isolation › should redirect unauthenticated users from protected routes" classname="security.spec.ts" time="1.899">
</testcase>
<testcase name="Security &amp; Multi-Tenant Isolation › Team A user cannot access Team B workspace" classname="security.spec.ts" time="0">
<properties>
<property name="skip" value="">
</property>
</properties>
<skipped>
</skipped>
</testcase>
<testcase name="Security &amp; Multi-Tenant Isolation › Team A user cannot see Team B features via API" classname="security.spec.ts" time="0">
<properties>
<property name="skip" value="">
</property>
</properties>
<skipped>
</skipped>
</testcase>
<testcase name="Security &amp; Multi-Tenant Isolation › User can only see workspaces from their teams" classname="security.spec.ts" time="0">
<properties>
<property name="skip" value="">
</property>
</properties>
<skipped>
</skipped>
</testcase>
<testcase name="Security &amp; Multi-Tenant Isolation › Mind map isolation - Team A cannot access Team B mind maps" classname="security.spec.ts" time="0">
<properties>
<property name="skip" value="">
</property>
</properties>
<skipped>
</skipped>
</testcase>
<testcase name="Security &amp; Multi-Tenant Isolation › Dependency links respect team isolation" classname="security.spec.ts" time="0">
<properties>
<property name="skip" value="">
</property>
</properties>
<skipped>
</skipped>
</testcase>
<testcase name="Security &amp; Multi-Tenant Isolation › Timeline items isolation - cannot modify other teams data" classname="security.spec.ts" time="0">
<properties>
<property name="skip" value="">
</property>
</properties>
<skipped>
</skipped>
</testcase>
<testcase name="Security &amp; Multi-Tenant Isolation › Work items isolation - Team A cannot delete Team B features" classname="security.spec.ts" time="0">
<properties>
<property name="skip" value="">
</property>
</properties>
<skipped>
</skipped>
</testcase>
<testcase name="Security &amp; Multi-Tenant Isolation › Anonymous users cannot access any data" classname="security.spec.ts" time="0">
<properties>
<property name="skip" value="">
</property>
</properties>
<skipped>
</skipped>
</testcase>
<testcase name="Security &amp; Multi-Tenant Isolation › SQL injection attempts should be blocked" classname="security.spec.ts" time="0">
<properties>
<property name="skip" value="">
</property>
</properties>
<skipped>
</skipped>
</testcase>
</testsuite>
<testsuite name="smoke.spec.ts" timestamp="2025-12-04T09:33:14.228Z" hostname="Mobile Safari" tests="10" failures="0" skipped="0" time="19.213" errors="0">
<testcase name="Smoke Tests - Application Health Check › homepage loads and displays branding" classname="smoke.spec.ts" time="1.629">
</testcase>
<testcase name="Smoke Tests - Application Health Check › homepage displays navigation elements" classname="smoke.spec.ts" time="1.531">
</testcase>
<testcase name="Smoke Tests - Application Health Check › homepage displays feature cards" classname="smoke.spec.ts" time="1.717">
</testcase>
<testcase name="Smoke Tests - Application Health Check › login page loads correctly" classname="smoke.spec.ts" time="1.681">
</testcase>
<testcase name="Smoke Tests - Application Health Check › signup page loads correctly" classname="smoke.spec.ts" time="1.245">
</testcase>
<testcase name="Smoke Tests - Application Health Check › unauthenticated user is redirected from dashboard" classname="smoke.spec.ts" time="1.304">
</testcase>
<testcase name="Smoke Tests - Application Health Check › unauthenticated user is redirected from workspaces" classname="smoke.spec.ts" time="1.609">
</testcase>
<testcase name="Smoke Tests - Application Health Check › static assets load without critical errors" classname="smoke.spec.ts" time="2.2">
</testcase>
<testcase name="Smoke Tests - Application Health Check › navigation from homepage to login works" classname="smoke.spec.ts" time="3.769">
</testcase>
<testcase name="Smoke Tests - Application Health Check › navigation from homepage to signup works" classname="smoke.spec.ts" time="2.528">
</testcase>
</testsuite>
<testsuite name="work-items.spec.ts" timestamp="2025-12-04T09:33:14.228Z" hostname="Mobile Safari" tests="8" failures="0" skipped="8" time="0" errors="0">
<testcase name="Feature Management › should display features page" classname="work-items.spec.ts" time="0">
<properties>
<property name="skip" value="">
</property>
</properties>
<skipped>
</skipped>
</testcase>
<testcase name="Feature Management › should create new feature" classname="work-items.spec.ts" time="0">
<properties>
<property name="skip" value="">
</property>
</properties>
<skipped>
</skipped>
</testcase>
<testcase name="Feature Management › should add timeline items to feature" classname="work-items.spec.ts" time="0">
<properties>
<property name="skip" value="">
</property>
</properties>
<skipped>
</skipped>
</testcase>
<testcase name="Feature Management › should edit feature details" classname="work-items.spec.ts" time="0">
<properties>
<property name="skip" value="">
</property>
</properties>
<skipped>
</skipped>
</testcase>
<testcase name="Feature Management › should filter features by type" classname="work-items.spec.ts" time="0">
<properties>
<property name="skip" value="">
</property>
</properties>
<skipped>
</skipped>
</testcase>
<testcase name="Feature Management › should search features by name" classname="work-items.spec.ts" time="0">
<properties>
<property name="skip" value="">
</property>
</properties>
<skipped>
</skipped>
</testcase>
<testcase name="Feature Management › should delete feature with confirmation" classname="work-items.spec.ts" time="0">
<properties>
<property name="skip" value="">
</property>
</properties>
<skipped>
</skipped>
</testcase>
<testcase name="Feature Management › should display timeline breakdown (MVP/SHORT/LONG)" classname="work-items.spec.ts" time="0">
<properties>
<property name="skip" value="">
</property>
</properties>
<skipped>
</skipped>
</testcase>
</testsuite>
</testsuites>