<testsuites id="" name="" tests="23" failures="0" skipped="23" errors="0" time="0.49484799999999995">
<testsuite name="14-product-tasks.spec.ts" timestamp="2026-01-02T12:04:17.273Z" hostname="chromium" tests="23" failures="0" skipped="23" time="0" errors="0">
<testcase name="Product Tasks - CRUD Operations › should display product tasks page with create button" classname="14-product-tasks.spec.ts" time="0">
<skipped>
</skipped>
</testcase>
<testcase name="Product Tasks - CRUD Operations › should open create task dialog when clicking add button" classname="14-product-tasks.spec.ts" time="0">
<skipped>
</skipped>
</testcase>
<testcase name="Product Tasks - CRUD Operations › should create new standalone task with valid data" classname="14-product-tasks.spec.ts" time="0">
<skipped>
</skipped>
</testcase>
<testcase name="Product Tasks - CRUD Operations › should edit task title and description" classname="14-product-tasks.spec.ts" time="0">
<skipped>
</skipped>
</testcase>
<testcase name="Product Tasks - CRUD Operations › should delete task with confirmation" classname="14-product-tasks.spec.ts" time="0">
<skipped>
</skipped>
</testcase>
<testcase name="Product Tasks - Status Workflow › should progress task from todo to in_progress" classname="14-product-tasks.spec.ts" time="0">
<skipped>
</skipped>
</testcase>
<testcase name="Product Tasks - Status Workflow › should progress task from in_progress to done" classname="14-product-tasks.spec.ts" time="0">
<skipped>
</skipped>
</testcase>
<testcase name="Product Tasks - Status Workflow › should display tasks grouped by status in board view" classname="14-product-tasks.spec.ts" time="0">
<skipped>
</skipped>
</testcase>
<testcase name="Product Tasks - Status Workflow › should handle blocked status appropriately" classname="14-product-tasks.spec.ts" time="0">
<skipped>
</skipped>
</testcase>
<testcase name="Product Tasks - Assignment › should display assigned user avatar on task card" classname="14-product-tasks.spec.ts" time="0">
<skipped>
</skipped>
</testcase>
<testcase name="Product Tasks - Assignment › should show only team members in assignment dropdown" classname="14-product-tasks.spec.ts" time="0">
<skipped>
</skipped>
</testcase>
<testcase name="Product Tasks - Assignment › should allow unassigning task" classname="14-product-tasks.spec.ts" time="0">
<skipped>
</skipped>
</testcase>
<testcase name="Product Tasks - Statistics › should display task completion percentage" classname="14-product-tasks.spec.ts" time="0">
<skipped>
</skipped>
</testcase>
<testcase name="Product Tasks - Statistics › should show status breakdown counts" classname="14-product-tasks.spec.ts" time="0">
<skipped>
</skipped>
</testcase>
<testcase name="Product Tasks - Statistics › should update stats when task status changes" classname="14-product-tasks.spec.ts" time="0">
<skipped>
</skipped>
</testcase>
<testcase name="Product Tasks - Statistics › should filter tasks and update display accordingly" classname="14-product-tasks.spec.ts" time="0">
<skipped>
</skipped>
</testcase>
<testcase name="Product Tasks - Convert to Work Item › should open convert to work item dialog" classname="14-product-tasks.spec.ts" time="0">
<skipped>
</skipped>
</testcase>
<testcase name="Product Tasks - Convert to Work Item › should convert standalone task to work item" classname="14-product-tasks.spec.ts" time="0">
<skipped>
</skipped>
</testcase>
<testcase name="Product Tasks - Convert to Work Item › should show option to keep task linked after conversion" classname="14-product-tasks.spec.ts" time="0">
<skipped>
</skipped>
</testcase>
<testcase name="Product Tasks - Convert to Work Item › should not allow converting linked tasks" classname="14-product-tasks.spec.ts" time="0">
<skipped>
</skipped>
</testcase>
<testcase name="Product Tasks - Type and Priority › should display task type badges" classname="14-product-tasks.spec.ts" time="0">
<skipped>
</skipped>
</testcase>
<testcase name="Product Tasks - Type and Priority › should display priority indicators" classname="14-product-tasks.spec.ts" time="0">
<skipped>
</skipped>
</testcase>
<testcase name="Product Tasks - Type and Priority › should filter tasks by type" classname="14-product-tasks.spec.ts" time="0">
<skipped>
</skipped>
</testcase>
</testsuite>
</testsuites>